[0.014s] Invoking command in '/Projects/ros2_workspace/ros2_starting-project/build/ros2_ex_cpp': CMAKE_PREFIX_PATH=${CMAKE_PREFIX_PATH}:/opt/ros/jazzy /usr/bin/cmake --build /Projects/ros2_workspace/ros2_starting-project/build/ros2_ex_cpp -- -j8 -l8
[0.087s] [ 50%] [32mBuilding CXX object CMakeFiles/simple_publisger.dir/src/simple_publisher.cpp.o[0m
[0.475s] [01m[K/Projects/ros2_workspace/ros2_starting-project/src/ros2_ex_cpp/src/simple_publisher.cpp:4:17:[m[K [01;35m[Kwarning: [m[Kextra tokens at end of #include directive
[0.475s]     4 | #include<chrono>[01;35m[K>[m[K
[0.475s]       |                 [01;35m[K^[m[K
[5.798s] [100%] [32m[1mLinking CXX executable simple_publisger[0m
[6.065s] [100%] Built target simple_publisger
[6.077s] Invoked command in '/Projects/ros2_workspace/ros2_starting-project/build/ros2_ex_cpp' returned '0': CMAKE_PREFIX_PATH=${CMAKE_PREFIX_PATH}:/opt/ros/jazzy /usr/bin/cmake --build /Projects/ros2_workspace/ros2_starting-project/build/ros2_ex_cpp -- -j8 -l8
[6.089s] Invoking command in '/Projects/ros2_workspace/ros2_starting-project/build/ros2_ex_cpp': CMAKE_PREFIX_PATH=${CMAKE_PREFIX_PATH}:/opt/ros/jazzy /usr/bin/cmake --install /Projects/ros2_workspace/ros2_starting-project/build/ros2_ex_cpp
[6.098s] -- Install configuration: ""
[6.098s] -- Installing: /Projects/ros2_workspace/ros2_starting-project/install/ros2_ex_cpp/lib/simple_publisger
[6.101s] -- Set non-toolchain portion of runtime path of "/Projects/ros2_workspace/ros2_starting-project/install/ros2_ex_cpp/lib/simple_publisger" to ""
[6.101s] -- Installing: /Projects/ros2_workspace/ros2_starting-project/install/ros2_ex_cpp/share/ament_index/resource_index/package_run_dependencies/ros2_ex_cpp
[6.101s] -- Up-to-date: /Projects/ros2_workspace/ros2_starting-project/install/ros2_ex_cpp/share/ament_index/resource_index/parent_prefix_path/ros2_ex_cpp
[6.101s] -- Up-to-date: /Projects/ros2_workspace/ros2_starting-project/install/ros2_ex_cpp/share/ros2_ex_cpp/environment/ament_prefix_path.sh
[6.101s] -- Up-to-date: /Projects/ros2_workspace/ros2_starting-project/install/ros2_ex_cpp/share/ros2_ex_cpp/environment/ament_prefix_path.dsv
[6.101s] -- Up-to-date: /Projects/ros2_workspace/ros2_starting-project/install/ros2_ex_cpp/share/ros2_ex_cpp/environment/path.sh
[6.101s] -- Up-to-date: /Projects/ros2_workspace/ros2_starting-project/install/ros2_ex_cpp/share/ros2_ex_cpp/environment/path.dsv
[6.101s] -- Up-to-date: /Projects/ros2_workspace/ros2_starting-project/install/ros2_ex_cpp/share/ros2_ex_cpp/local_setup.bash
[6.101s] -- Up-to-date: /Projects/ros2_workspace/ros2_starting-project/install/ros2_ex_cpp/share/ros2_ex_cpp/local_setup.sh
[6.101s] -- Up-to-date: /Projects/ros2_workspace/ros2_starting-project/install/ros2_ex_cpp/share/ros2_ex_cpp/local_setup.zsh
[6.102s] -- Up-to-date: /Projects/ros2_workspace/ros2_starting-project/install/ros2_ex_cpp/share/ros2_ex_cpp/local_setup.dsv
[6.102s] -- Installing: /Projects/ros2_workspace/ros2_starting-project/install/ros2_ex_cpp/share/ros2_ex_cpp/package.dsv
[6.102s] -- Up-to-date: /Projects/ros2_workspace/ros2_starting-project/install/ros2_ex_cpp/share/ament_index/resource_index/packages/ros2_ex_cpp
[6.102s] -- Up-to-date: /Projects/ros2_workspace/ros2_starting-project/install/ros2_ex_cpp/share/ros2_ex_cpp/cmake/ros2_ex_cppConfig.cmake
[6.102s] -- Up-to-date: /Projects/ros2_workspace/ros2_starting-project/install/ros2_ex_cpp/share/ros2_ex_cpp/cmake/ros2_ex_cppConfig-version.cmake
[6.102s] -- Installing: /Projects/ros2_workspace/ros2_starting-project/install/ros2_ex_cpp/share/ros2_ex_cpp/package.xml
[6.104s] Invoked command in '/Projects/ros2_workspace/ros2_starting-project/build/ros2_ex_cpp' returned '0': CMAKE_PREFIX_PATH=${CMAKE_PREFIX_PATH}:/opt/ros/jazzy /usr/bin/cmake --install /Projects/ros2_workspace/ros2_starting-project/build/ros2_ex_cpp
