[0.109s] DEBUG:colcon:Command line arguments: ['/usr/bin/colcon', 'build']
[0.110s] DEBUG:colcon:Parsed command line arguments: Namespace(log_base=None, log_level=None, verb_name='build', build_base='build', install_base='install', merge_install=False, symlink_install=False, test_result_base=None, continue_on_error=False, executor='parallel', parallel_workers=8, event_handlers=None, ignore_user_meta=False, metas=['./colcon.meta'], base_paths=['.'], packages_ignore=None, packages_ignore_regex=None, paths=None, packages_up_to=None, packages_up_to_regex=None, packages_above=None, packages_above_and_dependencies=None, packages_above_depth=None, packages_select_by_dep=None, packages_skip_by_dep=None, packages_skip_up_to=None, packages_select_build_failed=False, packages_skip_build_finished=False, packages_select_test_failures=False, packages_skip_test_passed=False, packages_select=None, packages_skip=None, packages_select_regex=None, packages_skip_regex=None, packages_start=None, packages_end=None, allow_overriding=[], cmake_args=None, cmake_target=None, cmake_target_skip_unavailable=False, cmake_clean_cache=False, cmake_clean_first=False, cmake_force_configure=False, ament_cmake_args=None, catkin_cmake_args=None, catkin_skip_building_tests=False, mixin_files=None, mixin=None, verb_parser=<colcon_mixin.mixin.mixin_argument.MixinArgumentDecorator object at 0x7927e48da540>, verb_extension=<colcon_core.verb.build.BuildVerb object at 0x7927e48d9a60>, main=<bound method BuildVerb.main of <colcon_core.verb.build.BuildVerb object at 0x7927e48d9a60>>, mixin_verb=('build',))
[0.146s] Level 1:colcon.colcon_core.package_discovery:discover_packages(colcon_meta) check parameters
[0.146s] Level 1:colcon.colcon_core.package_discovery:discover_packages(recursive) check parameters
[0.146s] Level 1:colcon.colcon_core.package_discovery:discover_packages(ignore) check parameters
[0.146s] Level 1:colcon.colcon_core.package_discovery:discover_packages(path) check parameters
[0.147s] Level 1:colcon.colcon_core.package_discovery:discover_packages(colcon_meta) discover
[0.147s] Level 1:colcon.colcon_core.package_discovery:discover_packages(recursive) discover
[0.147s] INFO:colcon.colcon_core.package_discovery:Crawling recursively for packages in '/Projects/ros2_workspace/ros2_starting-project'
[0.147s] Level 1:colcon.colcon_core.package_identification:_identify(.) by extensions ['ignore', 'ignore_ament_install']
[0.147s] Level 1:colcon.colcon_core.package_identification:_identify(.) by extension 'ignore'
[0.147s] Level 1:colcon.colcon_core.package_identification:_identify(.) by extension 'ignore_ament_install'
[0.147s] Level 1:colcon.colcon_core.package_identification:_identify(.) by extensions ['colcon_pkg']
[0.147s] Level 1:colcon.colcon_core.package_identification:_identify(.) by extension 'colcon_pkg'
[0.147s] Level 1:colcon.colcon_core.package_identification:_identify(.) by extensions ['colcon_meta']
[0.147s] Level 1:colcon.colcon_core.package_identification:_identify(.) by extension 'colcon_meta'
[0.147s] Level 1:colcon.colcon_core.package_identification:_identify(.) by extensions ['ros']
[0.147s] Level 1:colcon.colcon_core.package_identification:_identify(.) by extension 'ros'
[0.175s] Level 1:colcon.colcon_core.package_identification:_identify(.) by extensions ['cmake', 'python']
[0.175s] Level 1:colcon.colcon_core.package_identification:_identify(.) by extension 'cmake'
[0.175s] Level 1:colcon.colcon_core.package_identification:_identify(.) by extension 'python'
[0.175s] Level 1:colcon.colcon_core.package_identification:_identify(.) by extensions ['python_setup_py']
[0.176s] Level 1:colcon.colcon_core.package_identification:_identify(.) by extension 'python_setup_py'
[0.176s] Level 1:colcon.colcon_core.package_identification:_identify(build) by extensions ['ignore', 'ignore_ament_install']
[0.176s] Level 1:colcon.colcon_core.package_identification:_identify(build) by extension 'ignore'
[0.176s] Level 1:colcon.colcon_core.package_identification:_identify(build) ignored
[0.176s] Level 1:colcon.colcon_core.package_identification:_identify(install) by extensions ['ignore', 'ignore_ament_install']
[0.176s] Level 1:colcon.colcon_core.package_identification:_identify(install) by extension 'ignore'
[0.176s] Level 1:colcon.colcon_core.package_identification:_identify(install) ignored
[0.177s] Level 1:colcon.colcon_core.package_identification:_identify(log) by extensions ['ignore', 'ignore_ament_install']
[0.177s] Level 1:colcon.colcon_core.package_identification:_identify(log) by extension 'ignore'
[0.177s] Level 1:colcon.colcon_core.package_identification:_identify(log) ignored
[0.177s] Level 1:colcon.colcon_core.package_identification:_identify(src) by extensions ['ignore', 'ignore_ament_install']
[0.177s] Level 1:colcon.colcon_core.package_identification:_identify(src) by extension 'ignore'
[0.177s] Level 1:colcon.colcon_core.package_identification:_identify(src) by extension 'ignore_ament_install'
[0.177s] Level 1:colcon.colcon_core.package_identification:_identify(src) by extensions ['colcon_pkg']
[0.177s] Level 1:colcon.colcon_core.package_identification:_identify(src) by extension 'colcon_pkg'
[0.177s] Level 1:colcon.colcon_core.package_identification:_identify(src) by extensions ['colcon_meta']
[0.177s] Level 1:colcon.colcon_core.package_identification:_identify(src) by extension 'colcon_meta'
[0.177s] Level 1:colcon.colcon_core.package_identification:_identify(src) by extensions ['ros']
[0.177s] Level 1:colcon.colcon_core.package_identification:_identify(src) by extension 'ros'
[0.178s] Level 1:colcon.colcon_core.package_identification:_identify(src) by extensions ['cmake', 'python']
[0.178s] Level 1:colcon.colcon_core.package_identification:_identify(src) by extension 'cmake'
[0.178s] Level 1:colcon.colcon_core.package_identification:_identify(src) by extension 'python'
[0.178s] Level 1:colcon.colcon_core.package_identification:_identify(src) by extensions ['python_setup_py']
[0.178s] Level 1:colcon.colcon_core.package_identification:_identify(src) by extension 'python_setup_py'
[0.178s] Level 1:colcon.colcon_core.package_identification:_identify(src/ros2_ex_cpp) by extensions ['ignore', 'ignore_ament_install']
[0.178s] Level 1:colcon.colcon_core.package_identification:_identify(src/ros2_ex_cpp) by extension 'ignore'
[0.178s] Level 1:colcon.colcon_core.package_identification:_identify(src/ros2_ex_cpp) by extension 'ignore_ament_install'
[0.178s] Level 1:colcon.colcon_core.package_identification:_identify(src/ros2_ex_cpp) by extensions ['colcon_pkg']
[0.178s] Level 1:colcon.colcon_core.package_identification:_identify(src/ros2_ex_cpp) by extension 'colcon_pkg'
[0.178s] Level 1:colcon.colcon_core.package_identification:_identify(src/ros2_ex_cpp) by extensions ['colcon_meta']
[0.179s] Level 1:colcon.colcon_core.package_identification:_identify(src/ros2_ex_cpp) by extension 'colcon_meta'
[0.179s] Level 1:colcon.colcon_core.package_identification:_identify(src/ros2_ex_cpp) by extensions ['ros']
[0.179s] Level 1:colcon.colcon_core.package_identification:_identify(src/ros2_ex_cpp) by extension 'ros'
[0.182s] DEBUG:colcon.colcon_core.package_identification:Package 'src/ros2_ex_cpp' with type 'ros.ament_cmake' and name 'ros2_ex_cpp'
[0.183s] Level 1:colcon.colcon_core.package_identification:_identify(src/ros2_ex_python) by extensions ['ignore', 'ignore_ament_install']
[0.183s] Level 1:colcon.colcon_core.package_identification:_identify(src/ros2_ex_python) by extension 'ignore'
[0.183s] Level 1:colcon.colcon_core.package_identification:_identify(src/ros2_ex_python) by extension 'ignore_ament_install'
[0.183s] Level 1:colcon.colcon_core.package_identification:_identify(src/ros2_ex_python) by extensions ['colcon_pkg']
[0.183s] Level 1:colcon.colcon_core.package_identification:_identify(src/ros2_ex_python) by extension 'colcon_pkg'
[0.183s] Level 1:colcon.colcon_core.package_identification:_identify(src/ros2_ex_python) by extensions ['colcon_meta']
[0.183s] Level 1:colcon.colcon_core.package_identification:_identify(src/ros2_ex_python) by extension 'colcon_meta'
[0.183s] Level 1:colcon.colcon_core.package_identification:_identify(src/ros2_ex_python) by extensions ['ros']
[0.183s] Level 1:colcon.colcon_core.package_identification:_identify(src/ros2_ex_python) by extension 'ros'
[0.184s] DEBUG:colcon.colcon_core.package_identification:Package 'src/ros2_ex_python' with type 'ros.ament_python' and name 'ros2_ex_python'
[0.184s] Level 1:colcon.colcon_core.package_discovery:discover_packages(recursive) using defaults
[0.184s] Level 1:colcon.colcon_core.package_discovery:discover_packages(ignore) discover
[0.184s] Level 1:colcon.colcon_core.package_discovery:discover_packages(ignore) using defaults
[0.184s] Level 1:colcon.colcon_core.package_discovery:discover_packages(path) discover
[0.184s] Level 1:colcon.colcon_core.package_discovery:discover_packages(path) using defaults
[0.206s] Level 1:colcon.colcon_core.package_discovery:discover_packages(prefix_path) check parameters
[0.206s] Level 1:colcon.colcon_core.package_discovery:discover_packages(prefix_path) discover
[0.209s] DEBUG:colcon.colcon_installed_package_information.package_discovery:Found 335 installed packages in /opt/ros/jazzy
[0.210s] Level 1:colcon.colcon_core.package_discovery:discover_packages(prefix_path) using defaults
[0.260s] Level 5:colcon.colcon_core.verb:set package 'ros2_ex_cpp' build argument 'cmake_args' from command line to 'None'
[0.260s] Level 5:colcon.colcon_core.verb:set package 'ros2_ex_cpp' build argument 'cmake_target' from command line to 'None'
[0.260s] Level 5:colcon.colcon_core.verb:set package 'ros2_ex_cpp' build argument 'cmake_target_skip_unavailable' from command line to 'False'
[0.260s] Level 5:colcon.colcon_core.verb:set package 'ros2_ex_cpp' build argument 'cmake_clean_cache' from command line to 'False'
[0.260s] Level 5:colcon.colcon_core.verb:set package 'ros2_ex_cpp' build argument 'cmake_clean_first' from command line to 'False'
[0.260s] Level 5:colcon.colcon_core.verb:set package 'ros2_ex_cpp' build argument 'cmake_force_configure' from command line to 'False'
[0.260s] Level 5:colcon.colcon_core.verb:set package 'ros2_ex_cpp' build argument 'ament_cmake_args' from command line to 'None'
[0.260s] Level 5:colcon.colcon_core.verb:set package 'ros2_ex_cpp' build argument 'catkin_cmake_args' from command line to 'None'
[0.261s] Level 5:colcon.colcon_core.verb:set package 'ros2_ex_cpp' build argument 'catkin_skip_building_tests' from command line to 'False'
[0.261s] DEBUG:colcon.colcon_core.verb:Building package 'ros2_ex_cpp' with the following arguments: {'ament_cmake_args': None, 'build_base': '/Projects/ros2_workspace/ros2_starting-project/build/ros2_ex_cpp', 'catkin_cmake_args': None, 'catkin_skip_building_tests': False, 'cmake_args': None, 'cmake_clean_cache': False, 'cmake_clean_first': False, 'cmake_force_configure': False, 'cmake_target': None, 'cmake_target_skip_unavailable': False, 'install_base': '/Projects/ros2_workspace/ros2_starting-project/install/ros2_ex_cpp', 'merge_install': False, 'path': '/Projects/ros2_workspace/ros2_starting-project/src/ros2_ex_cpp', 'symlink_install': False, 'test_result_base': None}
[0.261s] Level 5:colcon.colcon_core.verb:set package 'ros2_ex_python' build argument 'cmake_args' from command line to 'None'
[0.261s] Level 5:colcon.colcon_core.verb:set package 'ros2_ex_python' build argument 'cmake_target' from command line to 'None'
[0.261s] Level 5:colcon.colcon_core.verb:set package 'ros2_ex_python' build argument 'cmake_target_skip_unavailable' from command line to 'False'
[0.261s] Level 5:colcon.colcon_core.verb:set package 'ros2_ex_python' build argument 'cmake_clean_cache' from command line to 'False'
[0.261s] Level 5:colcon.colcon_core.verb:set package 'ros2_ex_python' build argument 'cmake_clean_first' from command line to 'False'
[0.261s] Level 5:colcon.colcon_core.verb:set package 'ros2_ex_python' build argument 'cmake_force_configure' from command line to 'False'
[0.261s] Level 5:colcon.colcon_core.verb:set package 'ros2_ex_python' build argument 'ament_cmake_args' from command line to 'None'
[0.261s] Level 5:colcon.colcon_core.verb:set package 'ros2_ex_python' build argument 'catkin_cmake_args' from command line to 'None'
[0.261s] Level 5:colcon.colcon_core.verb:set package 'ros2_ex_python' build argument 'catkin_skip_building_tests' from command line to 'False'
[0.261s] DEBUG:colcon.colcon_core.verb:Building package 'ros2_ex_python' with the following arguments: {'ament_cmake_args': None, 'build_base': '/Projects/ros2_workspace/ros2_starting-project/build/ros2_ex_python', 'catkin_cmake_args': None, 'catkin_skip_building_tests': False, 'cmake_args': None, 'cmake_clean_cache': False, 'cmake_clean_first': False, 'cmake_force_configure': False, 'cmake_target': None, 'cmake_target_skip_unavailable': False, 'install_base': '/Projects/ros2_workspace/ros2_starting-project/install/ros2_ex_python', 'merge_install': False, 'path': '/Projects/ros2_workspace/ros2_starting-project/src/ros2_ex_python', 'symlink_install': False, 'test_result_base': None}
[0.261s] INFO:colcon.colcon_core.executor:Executing jobs using 'parallel' executor
[0.262s] DEBUG:colcon.colcon_parallel_executor.executor.parallel:run_until_complete
[0.262s] INFO:colcon.colcon_ros.task.ament_cmake.build:Building ROS package in '/Projects/ros2_workspace/ros2_starting-project/src/ros2_ex_cpp' with build type 'ament_cmake'
[0.262s] INFO:colcon.colcon_cmake.task.cmake.build:Building CMake package in '/Projects/ros2_workspace/ros2_starting-project/src/ros2_ex_cpp'
[0.264s] INFO:colcon.colcon_core.plugin_system:Skipping extension 'colcon_core.shell.bat': Not used on non-Windows systems
[0.264s] INFO:colcon.colcon_core.shell:Skip shell extension 'powershell' for command environment: Not usable outside of PowerShell
[0.264s] DEBUG:colcon.colcon_core.shell:Skip shell extension 'dsv' for command environment
[0.267s] INFO:colcon.colcon_ros.task.ament_python.build:Building ROS package in '/Projects/ros2_workspace/ros2_starting-project/src/ros2_ex_python' with build type 'ament_python'
[0.267s] Level 1:colcon.colcon_core.shell:create_environment_hook('ros2_ex_python', 'ament_prefix_path')
[0.267s] INFO:colcon.colcon_core.shell:Creating environment hook '/Projects/ros2_workspace/ros2_starting-project/install/ros2_ex_python/share/ros2_ex_python/hook/ament_prefix_path.ps1'
[0.268s] INFO:colcon.colcon_core.shell:Creating environment descriptor '/Projects/ros2_workspace/ros2_starting-project/install/ros2_ex_python/share/ros2_ex_python/hook/ament_prefix_path.dsv'
[0.269s] INFO:colcon.colcon_core.shell:Creating environment hook '/Projects/ros2_workspace/ros2_starting-project/install/ros2_ex_python/share/ros2_ex_python/hook/ament_prefix_path.sh'
[0.269s] INFO:colcon.colcon_core.shell:Skip shell extension 'powershell' for command environment: Not usable outside of PowerShell
[0.269s] DEBUG:colcon.colcon_core.shell:Skip shell extension 'dsv' for command environment
[0.279s] DEBUG:colcon.colcon_core.event_handler.log_command:Invoking command in '/Projects/ros2_workspace/ros2_starting-project/build/ros2_ex_cpp': CMAKE_PREFIX_PATH=${CMAKE_PREFIX_PATH}:/opt/ros/jazzy /usr/bin/cmake --build /Projects/ros2_workspace/ros2_starting-project/build/ros2_ex_cpp -- -j8 -l8
[0.560s] INFO:colcon.colcon_core.task.python.build:Building Python package in '/Projects/ros2_workspace/ros2_starting-project/src/ros2_ex_python'
[0.560s] INFO:colcon.colcon_core.shell:Skip shell extension 'powershell' for command environment: Not usable outside of PowerShell
[0.560s] DEBUG:colcon.colcon_core.shell:Skip shell extension 'dsv' for command environment
[1.343s] DEBUG:colcon.colcon_core.event_handler.log_command:Invoking command in '/Projects/ros2_workspace/ros2_starting-project/src/ros2_ex_python': PYTHONPATH=/Projects/ros2_workspace/ros2_starting-project/build/ros2_ex_python/prefix_override:/usr/lib/python3/dist-packages/colcon_core/task/python/colcon_distutils_commands:/Projects/ros2_workspace/ros2_starting-project/install/ros2_ex_python/lib/python3.12/site-packages:${PYTHONPATH} /usr/bin/python3 -W ignore:setup.py install is deprecated -W ignore:easy_install command is deprecated setup.py egg_info --egg-base ../../build/ros2_ex_python build --build-base /Projects/ros2_workspace/ros2_starting-project/build/ros2_ex_python/build install --record /Projects/ros2_workspace/ros2_starting-project/build/ros2_ex_python/install.log --single-version-externally-managed install_data
[2.052s] DEBUG:colcon.colcon_core.event_handler.log_command:Invoked command in '/Projects/ros2_workspace/ros2_starting-project/src/ros2_ex_python' returned '0': PYTHONPATH=/Projects/ros2_workspace/ros2_starting-project/build/ros2_ex_python/prefix_override:/usr/lib/python3/dist-packages/colcon_core/task/python/colcon_distutils_commands:/Projects/ros2_workspace/ros2_starting-project/install/ros2_ex_python/lib/python3.12/site-packages:${PYTHONPATH} /usr/bin/python3 -W ignore:setup.py install is deprecated -W ignore:easy_install command is deprecated setup.py egg_info --egg-base ../../build/ros2_ex_python build --build-base /Projects/ros2_workspace/ros2_starting-project/build/ros2_ex_python/build install --record /Projects/ros2_workspace/ros2_starting-project/build/ros2_ex_python/install.log --single-version-externally-managed install_data
[2.054s] Level 1:colcon.colcon_core.environment:checking '/Projects/ros2_workspace/ros2_starting-project/install/ros2_ex_python' for CMake module files
[2.055s] Level 1:colcon.colcon_core.environment:checking '/Projects/ros2_workspace/ros2_starting-project/install/ros2_ex_python' for CMake config files
[2.055s] Level 1:colcon.colcon_core.environment:checking '/Projects/ros2_workspace/ros2_starting-project/install/ros2_ex_python/lib'
[2.055s] Level 1:colcon.colcon_core.environment:checking '/Projects/ros2_workspace/ros2_starting-project/install/ros2_ex_python/bin'
[2.055s] Level 1:colcon.colcon_core.environment:checking '/Projects/ros2_workspace/ros2_starting-project/install/ros2_ex_python/lib/pkgconfig/ros2_ex_python.pc'
[2.056s] Level 1:colcon.colcon_core.environment:checking '/Projects/ros2_workspace/ros2_starting-project/install/ros2_ex_python/lib/python3.12/site-packages'
[2.056s] Level 1:colcon.colcon_core.shell:create_environment_hook('ros2_ex_python', 'pythonpath')
[2.056s] INFO:colcon.colcon_core.shell:Creating environment hook '/Projects/ros2_workspace/ros2_starting-project/install/ros2_ex_python/share/ros2_ex_python/hook/pythonpath.ps1'
[2.056s] INFO:colcon.colcon_core.shell:Creating environment descriptor '/Projects/ros2_workspace/ros2_starting-project/install/ros2_ex_python/share/ros2_ex_python/hook/pythonpath.dsv'
[2.057s] INFO:colcon.colcon_core.shell:Creating environment hook '/Projects/ros2_workspace/ros2_starting-project/install/ros2_ex_python/share/ros2_ex_python/hook/pythonpath.sh'
[2.057s] Level 1:colcon.colcon_core.environment:checking '/Projects/ros2_workspace/ros2_starting-project/install/ros2_ex_python/bin'
[2.057s] Level 1:colcon.colcon_core.environment:create_environment_scripts_only(ros2_ex_python)
[2.058s] INFO:colcon.colcon_core.shell:Creating package script '/Projects/ros2_workspace/ros2_starting-project/install/ros2_ex_python/share/ros2_ex_python/package.ps1'
[2.059s] INFO:colcon.colcon_core.shell:Creating package descriptor '/Projects/ros2_workspace/ros2_starting-project/install/ros2_ex_python/share/ros2_ex_python/package.dsv'
[2.059s] INFO:colcon.colcon_core.shell:Creating package script '/Projects/ros2_workspace/ros2_starting-project/install/ros2_ex_python/share/ros2_ex_python/package.sh'
[2.060s] INFO:colcon.colcon_core.shell:Creating package script '/Projects/ros2_workspace/ros2_starting-project/install/ros2_ex_python/share/ros2_ex_python/package.bash'
[2.061s] INFO:colcon.colcon_core.shell:Creating package script '/Projects/ros2_workspace/ros2_starting-project/install/ros2_ex_python/share/ros2_ex_python/package.zsh'
[2.061s] Level 1:colcon.colcon_core.environment:create_file_with_runtime_dependencies(/Projects/ros2_workspace/ros2_starting-project/install/ros2_ex_python/share/colcon-core/packages/ros2_ex_python)
[5.492s] DEBUG:colcon.colcon_core.event_handler.log_command:Invoked command in '/Projects/ros2_workspace/ros2_starting-project/build/ros2_ex_cpp' returned '0': CMAKE_PREFIX_PATH=${CMAKE_PREFIX_PATH}:/opt/ros/jazzy /usr/bin/cmake --build /Projects/ros2_workspace/ros2_starting-project/build/ros2_ex_cpp -- -j8 -l8
[5.504s] DEBUG:colcon.colcon_core.event_handler.log_command:Invoking command in '/Projects/ros2_workspace/ros2_starting-project/build/ros2_ex_cpp': CMAKE_PREFIX_PATH=${CMAKE_PREFIX_PATH}:/opt/ros/jazzy /usr/bin/cmake --install /Projects/ros2_workspace/ros2_starting-project/build/ros2_ex_cpp
[5.518s] Level 1:colcon.colcon_core.environment:create_environment_scripts_only(ros2_ex_cpp)
[5.519s] Level 1:colcon.colcon_core.environment:checking '/Projects/ros2_workspace/ros2_starting-project/install/ros2_ex_cpp' for CMake module files
[5.519s] DEBUG:colcon.colcon_core.event_handler.log_command:Invoked command in '/Projects/ros2_workspace/ros2_starting-project/build/ros2_ex_cpp' returned '0': CMAKE_PREFIX_PATH=${CMAKE_PREFIX_PATH}:/opt/ros/jazzy /usr/bin/cmake --install /Projects/ros2_workspace/ros2_starting-project/build/ros2_ex_cpp
[5.520s] Level 1:colcon.colcon_core.environment:checking '/Projects/ros2_workspace/ros2_starting-project/install/ros2_ex_cpp' for CMake config files
[5.520s] Level 1:colcon.colcon_core.shell:create_environment_hook('ros2_ex_cpp', 'cmake_prefix_path')
[5.520s] INFO:colcon.colcon_core.shell:Creating environment hook '/Projects/ros2_workspace/ros2_starting-project/install/ros2_ex_cpp/share/ros2_ex_cpp/hook/cmake_prefix_path.ps1'
[5.520s] INFO:colcon.colcon_core.shell:Creating environment descriptor '/Projects/ros2_workspace/ros2_starting-project/install/ros2_ex_cpp/share/ros2_ex_cpp/hook/cmake_prefix_path.dsv'
[5.521s] INFO:colcon.colcon_core.shell:Creating environment hook '/Projects/ros2_workspace/ros2_starting-project/install/ros2_ex_cpp/share/ros2_ex_cpp/hook/cmake_prefix_path.sh'
[5.522s] Level 1:colcon.colcon_core.environment:checking '/Projects/ros2_workspace/ros2_starting-project/install/ros2_ex_cpp/lib'
[5.522s] Level 1:colcon.colcon_core.environment:checking '/Projects/ros2_workspace/ros2_starting-project/install/ros2_ex_cpp/bin'
[5.522s] Level 1:colcon.colcon_core.environment:checking '/Projects/ros2_workspace/ros2_starting-project/install/ros2_ex_cpp/lib/pkgconfig/ros2_ex_cpp.pc'
[5.522s] Level 1:colcon.colcon_core.environment:checking '/Projects/ros2_workspace/ros2_starting-project/install/ros2_ex_cpp/lib/python3.12/site-packages'
[5.522s] Level 1:colcon.colcon_core.environment:checking '/Projects/ros2_workspace/ros2_starting-project/install/ros2_ex_cpp/bin'
[5.523s] INFO:colcon.colcon_core.shell:Creating package script '/Projects/ros2_workspace/ros2_starting-project/install/ros2_ex_cpp/share/ros2_ex_cpp/package.ps1'
[5.523s] INFO:colcon.colcon_core.shell:Creating package descriptor '/Projects/ros2_workspace/ros2_starting-project/install/ros2_ex_cpp/share/ros2_ex_cpp/package.dsv'
[5.523s] INFO:colcon.colcon_core.shell:Creating package script '/Projects/ros2_workspace/ros2_starting-project/install/ros2_ex_cpp/share/ros2_ex_cpp/package.sh'
[5.524s] INFO:colcon.colcon_core.shell:Creating package script '/Projects/ros2_workspace/ros2_starting-project/install/ros2_ex_cpp/share/ros2_ex_cpp/package.bash'
[5.524s] INFO:colcon.colcon_core.shell:Creating package script '/Projects/ros2_workspace/ros2_starting-project/install/ros2_ex_cpp/share/ros2_ex_cpp/package.zsh'
[5.524s] Level 1:colcon.colcon_core.environment:create_file_with_runtime_dependencies(/Projects/ros2_workspace/ros2_starting-project/install/ros2_ex_cpp/share/colcon-core/packages/ros2_ex_cpp)
[5.525s] Level 1:colcon.colcon_core.environment:create_environment_scripts_only(ros2_ex_cpp)
[5.525s] Level 1:colcon.colcon_core.environment:checking '/Projects/ros2_workspace/ros2_starting-project/install/ros2_ex_cpp' for CMake module files
[5.526s] Level 1:colcon.colcon_core.environment:checking '/Projects/ros2_workspace/ros2_starting-project/install/ros2_ex_cpp' for CMake config files
[5.526s] Level 1:colcon.colcon_core.shell:create_environment_hook('ros2_ex_cpp', 'cmake_prefix_path')
[5.527s] INFO:colcon.colcon_core.shell:Creating environment hook '/Projects/ros2_workspace/ros2_starting-project/install/ros2_ex_cpp/share/ros2_ex_cpp/hook/cmake_prefix_path.ps1'
[5.527s] INFO:colcon.colcon_core.shell:Creating environment descriptor '/Projects/ros2_workspace/ros2_starting-project/install/ros2_ex_cpp/share/ros2_ex_cpp/hook/cmake_prefix_path.dsv'
[5.527s] INFO:colcon.colcon_core.shell:Creating environment hook '/Projects/ros2_workspace/ros2_starting-project/install/ros2_ex_cpp/share/ros2_ex_cpp/hook/cmake_prefix_path.sh'
[5.528s] Level 1:colcon.colcon_core.environment:checking '/Projects/ros2_workspace/ros2_starting-project/install/ros2_ex_cpp/lib'
[5.528s] Level 1:colcon.colcon_core.environment:checking '/Projects/ros2_workspace/ros2_starting-project/install/ros2_ex_cpp/bin'
[5.528s] Level 1:colcon.colcon_core.environment:checking '/Projects/ros2_workspace/ros2_starting-project/install/ros2_ex_cpp/lib/pkgconfig/ros2_ex_cpp.pc'
[5.528s] Level 1:colcon.colcon_core.environment:checking '/Projects/ros2_workspace/ros2_starting-project/install/ros2_ex_cpp/lib/python3.12/site-packages'
[5.529s] Level 1:colcon.colcon_core.environment:checking '/Projects/ros2_workspace/ros2_starting-project/install/ros2_ex_cpp/bin'
[5.529s] INFO:colcon.colcon_core.shell:Creating package script '/Projects/ros2_workspace/ros2_starting-project/install/ros2_ex_cpp/share/ros2_ex_cpp/package.ps1'
[5.529s] INFO:colcon.colcon_core.shell:Creating package descriptor '/Projects/ros2_workspace/ros2_starting-project/install/ros2_ex_cpp/share/ros2_ex_cpp/package.dsv'
[5.530s] INFO:colcon.colcon_core.shell:Creating package script '/Projects/ros2_workspace/ros2_starting-project/install/ros2_ex_cpp/share/ros2_ex_cpp/package.sh'
[5.531s] INFO:colcon.colcon_core.shell:Creating package script '/Projects/ros2_workspace/ros2_starting-project/install/ros2_ex_cpp/share/ros2_ex_cpp/package.bash'
[5.531s] INFO:colcon.colcon_core.shell:Creating package script '/Projects/ros2_workspace/ros2_starting-project/install/ros2_ex_cpp/share/ros2_ex_cpp/package.zsh'
[5.532s] Level 1:colcon.colcon_core.environment:create_file_with_runtime_dependencies(/Projects/ros2_workspace/ros2_starting-project/install/ros2_ex_cpp/share/colcon-core/packages/ros2_ex_cpp)
[5.532s] DEBUG:colcon.colcon_parallel_executor.executor.parallel:closing loop
[5.533s] DEBUG:colcon.colcon_parallel_executor.executor.parallel:loop closed
[5.533s] DEBUG:colcon.colcon_parallel_executor.executor.parallel:run_until_complete finished with '0'
[5.533s] DEBUG:colcon.colcon_core.event_reactor:joining thread
[5.539s] INFO:colcon.colcon_core.plugin_system:Skipping extension 'colcon_notification.desktop_notification.notify_send': Could not find 'notify-send'
[5.539s] INFO:colcon.colcon_core.plugin_system:Skipping extension 'colcon_notification.desktop_notification.terminal_notifier': Not used on non-Darwin systems
[5.540s] INFO:colcon.colcon_core.plugin_system:Skipping extension 'colcon_notification.desktop_notification.win32': Not used on non-Windows systems
[5.540s] INFO:colcon.colcon_notification.desktop_notification:Sending desktop notification using 'notify2'
[5.544s] DEBUG:colcon.colcon_notification.desktop_notification.notify2:Failed to initialize notify2: org.freedesktop.DBus.Error.Spawn.ExecFailed: /usr/bin/dbus-launch terminated abnormally with the following error: Authorization required, but no authorization protocol specified

Autolaunch error: X11 initialization failed.

[5.545s] DEBUG:colcon.colcon_core.event_reactor:joined thread
[5.545s] INFO:colcon.colcon_core.shell:Creating prefix script '/Projects/ros2_workspace/ros2_starting-project/install/local_setup.ps1'
[5.547s] INFO:colcon.colcon_core.shell:Creating prefix util module '/Projects/ros2_workspace/ros2_starting-project/install/_local_setup_util_ps1.py'
[5.550s] INFO:colcon.colcon_core.shell:Creating prefix chain script '/Projects/ros2_workspace/ros2_starting-project/install/setup.ps1'
[5.551s] INFO:colcon.colcon_core.shell:Creating prefix script '/Projects/ros2_workspace/ros2_starting-project/install/local_setup.sh'
[5.552s] INFO:colcon.colcon_core.shell:Creating prefix util module '/Projects/ros2_workspace/ros2_starting-project/install/_local_setup_util_sh.py'
[5.553s] INFO:colcon.colcon_core.shell:Creating prefix chain script '/Projects/ros2_workspace/ros2_starting-project/install/setup.sh'
[5.554s] INFO:colcon.colcon_core.shell:Creating prefix script '/Projects/ros2_workspace/ros2_starting-project/install/local_setup.bash'
[5.555s] INFO:colcon.colcon_core.shell:Creating prefix chain script '/Projects/ros2_workspace/ros2_starting-project/install/setup.bash'
[5.556s] INFO:colcon.colcon_core.shell:Creating prefix script '/Projects/ros2_workspace/ros2_starting-project/install/local_setup.zsh'
[5.556s] INFO:colcon.colcon_core.shell:Creating prefix chain script '/Projects/ros2_workspace/ros2_starting-project/install/setup.zsh'
