[0.020s] Invoking command in '/Projects/ros2_workspace/ros2_starting-project/build/ros2_ex_cpp': CMAKE_PREFIX_PATH=${CMAKE_PREFIX_PATH}:/Projects/ros2_workspace/ros2_starting-project/install/ros2_ex_python:/opt/ros/jazzy /usr/bin/cmake --build /Projects/ros2_workspace/ros2_starting-project/build/ros2_ex_cpp -- -j8 -l8
[0.253s] Invoked command in '/Projects/ros2_workspace/ros2_starting-project/build/ros2_ex_cpp' returned '0': CMAKE_PREFIX_PATH=${CMAKE_PREFIX_PATH}:/Projects/ros2_workspace/ros2_starting-project/install/ros2_ex_python:/opt/ros/jazzy /usr/bin/cmake --build /Projects/ros2_workspace/ros2_starting-project/build/ros2_ex_cpp -- -j8 -l8
[0.264s] Invoking command in '/Projects/ros2_workspace/ros2_starting-project/build/ros2_ex_cpp': CMAKE_PREFIX_PATH=${CMAKE_PREFIX_PATH}:/Projects/ros2_workspace/ros2_starting-project/install/ros2_ex_python:/opt/ros/jazzy /usr/bin/cmake --install /Projects/ros2_workspace/ros2_starting-project/build/ros2_ex_cpp
[0.272s] -- Install configuration: ""
[0.273s] -- Up-to-date: /Projects/ros2_workspace/ros2_starting-project/install/ros2_ex_cpp/share/ament_index/resource_index/package_run_dependencies/ros2_ex_cpp
[0.273s] -- Up-to-date: /Projects/ros2_workspace/ros2_starting-project/install/ros2_ex_cpp/share/ament_index/resource_index/parent_prefix_path/ros2_ex_cpp
[0.273s] -- Up-to-date: /Projects/ros2_workspace/ros2_starting-project/install/ros2_ex_cpp/share/ros2_ex_cpp/environment/ament_prefix_path.sh
[0.273s] -- Up-to-date: /Projects/ros2_workspace/ros2_starting-project/install/ros2_ex_cpp/share/ros2_ex_cpp/environment/ament_prefix_path.dsv
[0.273s] -- Up-to-date: /Projects/ros2_workspace/ros2_starting-project/install/ros2_ex_cpp/share/ros2_ex_cpp/environment/path.sh
[0.273s] -- Up-to-date: /Projects/ros2_workspace/ros2_starting-project/install/ros2_ex_cpp/share/ros2_ex_cpp/environment/path.dsv
[0.274s] -- Up-to-date: /Projects/ros2_workspace/ros2_starting-project/install/ros2_ex_cpp/share/ros2_ex_cpp/local_setup.bash
[0.274s] -- Up-to-date: /Projects/ros2_workspace/ros2_starting-project/install/ros2_ex_cpp/share/ros2_ex_cpp/local_setup.sh
[0.274s] -- Up-to-date: /Projects/ros2_workspace/ros2_starting-project/install/ros2_ex_cpp/share/ros2_ex_cpp/local_setup.zsh
[0.274s] -- Up-to-date: /Projects/ros2_workspace/ros2_starting-project/install/ros2_ex_cpp/share/ros2_ex_cpp/local_setup.dsv
[0.274s] -- Installing: /Projects/ros2_workspace/ros2_starting-project/install/ros2_ex_cpp/share/ros2_ex_cpp/package.dsv
[0.274s] -- Up-to-date: /Projects/ros2_workspace/ros2_starting-project/install/ros2_ex_cpp/share/ament_index/resource_index/packages/ros2_ex_cpp
[0.274s] -- Up-to-date: /Projects/ros2_workspace/ros2_starting-project/install/ros2_ex_cpp/share/ros2_ex_cpp/cmake/ros2_ex_cppConfig.cmake
[0.275s] -- Up-to-date: /Projects/ros2_workspace/ros2_starting-project/install/ros2_ex_cpp/share/ros2_ex_cpp/cmake/ros2_ex_cppConfig-version.cmake
[0.275s] -- Up-to-date: /Projects/ros2_workspace/ros2_starting-project/install/ros2_ex_cpp/share/ros2_ex_cpp/package.xml
[0.276s] Invoked command in '/Projects/ros2_workspace/ros2_starting-project/build/ros2_ex_cpp' returned '0': CMAKE_PREFIX_PATH=${CMAKE_PREFIX_PATH}:/Projects/ros2_workspace/ros2_starting-project/install/ros2_ex_python:/opt/ros/jazzy /usr/bin/cmake --install /Projects/ros2_workspace/ros2_starting-project/build/ros2_ex_cpp
