[0.019s] Invoking command in '/Projects/ros2_workspace/ros2_starting-project/build/ros2_ex_cpp': CMAKE_PREFIX_PATH=${CMAKE_PREFIX_PATH}:/opt/ros/jazzy /usr/bin/cmake --build /Projects/ros2_workspace/ros2_starting-project/build/ros2_ex_cpp -- -j8 -l8
[0.051s] -- Found ament_cmake: 2.5.3 (/opt/ros/jazzy/share/ament_cmake/cmake)
[0.288s] -- Found rclcpp: 28.1.6 (/opt/ros/jazzy/share/rclcpp/cmake)
[0.325s] -- Found rosidl_generator_c: 4.6.5 (/opt/ros/jazzy/share/rosidl_generator_c/cmake)
[0.336s] -- Found rosidl_generator_cpp: 4.6.5 (/opt/ros/jazzy/share/rosidl_generator_cpp/cmake)
[0.350s] -- Using all available rosidl_typesupport_c: rosidl_typesupport_fastrtps_c;rosidl_typesupport_introspection_c
[0.366s] -- Using all available rosidl_typesupport_cpp: rosidl_typesupport_fastrtps_cpp;rosidl_typesupport_introspection_cpp
[0.441s] -- Found rmw_implementation_cmake: 7.3.1 (/opt/ros/jazzy/share/rmw_implementation_cmake/cmake)
[0.443s] -- Found rmw_fastrtps_cpp: 8.4.1 (/opt/ros/jazzy/share/rmw_fastrtps_cpp/cmake)
[0.521s] -- Using RMW implementation 'rmw_fastrtps_cpp' as default
[0.595s] -- Found std_msgs: 5.3.5 (/opt/ros/jazzy/share/std_msgs/cmake)
[0.612s] [31mCMake Error at /opt/ros/jazzy/share/ament_cmake_target_dependencies/cmake/ament_target_dependencies.cmake:42 (message):
[0.612s]   ament_target_dependencies() the first argument must be a valid target name
[0.612s] Call Stack (most recent call first):
[0.612s]   CMakeLists.txt:13 (ament_target_dependencies)
[0.612s] 
[0.612s] [0m
[0.612s] -- Configuring incomplete, errors occurred!
[0.623s] gmake: *** [Makefile:267: cmake_check_build_system] Error 1
[0.626s] Invoked command in '/Projects/ros2_workspace/ros2_starting-project/build/ros2_ex_cpp' returned '2': CMAKE_PREFIX_PATH=${CMAKE_PREFIX_PATH}:/opt/ros/jazzy /usr/bin/cmake --build /Projects/ros2_workspace/ros2_starting-project/build/ros2_ex_cpp -- -j8 -l8
