[0.016s] Invoking command in '/Projects/ros2_workspace/ros2_starting-project/build/ros2_ex_cpp': CMAKE_PREFIX_PATH=${CMAKE_PREFIX_PATH}:/opt/ros/jazzy /usr/bin/cmake /Projects/ros2_workspace/ros2_starting-project/src/ros2_ex_cpp -DCMAKE_INSTALL_PREFIX=/Projects/ros2_workspace/ros2_starting-project/install/ros2_ex_cpp
[0.088s] -- The C compiler identification is GNU 13.3.0
[0.154s] -- The CXX compiler identification is GNU 13.3.0
[0.170s] -- Detecting C compiler ABI info
[0.260s] -- Detecting C compiler ABI info - done
[0.271s] -- Check for working C compiler: /usr/bin/cc - skipped
[0.273s] -- Detecting C compile features
[0.273s] -- Detecting C compile features - done
[0.282s] -- Detecting CXX compiler ABI info
[0.384s] -- Detecting CXX compiler ABI info - done
[0.394s] -- Check for working CXX compiler: /usr/bin/c++ - skipped
[0.394s] -- Detecting CXX compile features
[0.395s] -- Detecting CXX compile features - done
[0.398s] -- Found ament_cmake: 2.5.3 (/opt/ros/jazzy/share/ament_cmake/cmake)
[0.558s] -- Found Python3: /usr/bin/python3 (found version "3.12.3") found components: Interpreter 
[0.678s] -- Found ament_lint_auto: 0.17.1 (/opt/ros/jazzy/share/ament_lint_auto/cmake)
[0.789s] -- Added test 'lint_cmake' to check CMake code style
[0.791s] -- Added test 'xmllint' to check XML markup files
[0.792s] -- Configuring done (0.8s)
[0.796s] -- Generating done (0.0s)
[0.798s] -- Build files have been written to: /Projects/ros2_workspace/ros2_starting-project/build/ros2_ex_cpp
[0.803s] Invoked command in '/Projects/ros2_workspace/ros2_starting-project/build/ros2_ex_cpp' returned '0': CMAKE_PREFIX_PATH=${CMAKE_PREFIX_PATH}:/opt/ros/jazzy /usr/bin/cmake /Projects/ros2_workspace/ros2_starting-project/src/ros2_ex_cpp -DCMAKE_INSTALL_PREFIX=/Projects/ros2_workspace/ros2_starting-project/install/ros2_ex_cpp
[0.805s] Invoking command in '/Projects/ros2_workspace/ros2_starting-project/build/ros2_ex_cpp': CMAKE_PREFIX_PATH=${CMAKE_PREFIX_PATH}:/opt/ros/jazzy /usr/bin/cmake --build /Projects/ros2_workspace/ros2_starting-project/build/ros2_ex_cpp -- -j8 -l8
[0.849s] Invoked command in '/Projects/ros2_workspace/ros2_starting-project/build/ros2_ex_cpp' returned '0': CMAKE_PREFIX_PATH=${CMAKE_PREFIX_PATH}:/opt/ros/jazzy /usr/bin/cmake --build /Projects/ros2_workspace/ros2_starting-project/build/ros2_ex_cpp -- -j8 -l8
[0.859s] Invoking command in '/Projects/ros2_workspace/ros2_starting-project/build/ros2_ex_cpp': CMAKE_PREFIX_PATH=${CMAKE_PREFIX_PATH}:/opt/ros/jazzy /usr/bin/cmake --install /Projects/ros2_workspace/ros2_starting-project/build/ros2_ex_cpp
[0.867s] -- Install configuration: ""
[0.867s] -- Installing: /Projects/ros2_workspace/ros2_starting-project/install/ros2_ex_cpp/share/ament_index/resource_index/package_run_dependencies/ros2_ex_cpp
[0.867s] -- Installing: /Projects/ros2_workspace/ros2_starting-project/install/ros2_ex_cpp/share/ament_index/resource_index/parent_prefix_path/ros2_ex_cpp
[0.868s] -- Installing: /Projects/ros2_workspace/ros2_starting-project/install/ros2_ex_cpp/share/ros2_ex_cpp/environment/ament_prefix_path.sh
[0.868s] -- Installing: /Projects/ros2_workspace/ros2_starting-project/install/ros2_ex_cpp/share/ros2_ex_cpp/environment/ament_prefix_path.dsv
[0.868s] -- Installing: /Projects/ros2_workspace/ros2_starting-project/install/ros2_ex_cpp/share/ros2_ex_cpp/environment/path.sh
[0.868s] -- Installing: /Projects/ros2_workspace/ros2_starting-project/install/ros2_ex_cpp/share/ros2_ex_cpp/environment/path.dsv
[0.868s] -- Installing: /Projects/ros2_workspace/ros2_starting-project/install/ros2_ex_cpp/share/ros2_ex_cpp/local_setup.bash
[0.869s] -- Installing: /Projects/ros2_workspace/ros2_starting-project/install/ros2_ex_cpp/share/ros2_ex_cpp/local_setup.sh
[0.869s] -- Installing: /Projects/ros2_workspace/ros2_starting-project/install/ros2_ex_cpp/share/ros2_ex_cpp/local_setup.zsh
[0.869s] -- Installing: /Projects/ros2_workspace/ros2_starting-project/install/ros2_ex_cpp/share/ros2_ex_cpp/local_setup.dsv
[0.869s] -- Installing: /Projects/ros2_workspace/ros2_starting-project/install/ros2_ex_cpp/share/ros2_ex_cpp/package.dsv
[0.869s] -- Installing: /Projects/ros2_workspace/ros2_starting-project/install/ros2_ex_cpp/share/ament_index/resource_index/packages/ros2_ex_cpp
[0.869s] -- Installing: /Projects/ros2_workspace/ros2_starting-project/install/ros2_ex_cpp/share/ros2_ex_cpp/cmake/ros2_ex_cppConfig.cmake
[0.870s] -- Installing: /Projects/ros2_workspace/ros2_starting-project/install/ros2_ex_cpp/share/ros2_ex_cpp/cmake/ros2_ex_cppConfig-version.cmake
[0.870s] -- Installing: /Projects/ros2_workspace/ros2_starting-project/install/ros2_ex_cpp/share/ros2_ex_cpp/package.xml
[0.872s] Invoked command in '/Projects/ros2_workspace/ros2_starting-project/build/ros2_ex_cpp' returned '0': CMAKE_PREFIX_PATH=${CMAKE_PREFIX_PATH}:/opt/ros/jazzy /usr/bin/cmake --install /Projects/ros2_workspace/ros2_starting-project/build/ros2_ex_cpp
