[0.014s] Invoking command in '/Projects/ros2_workspace/ros2_starting-project/build/ros2_ex_cpp': CMAKE_PREFIX_PATH=${CMAKE_PREFIX_PATH}:/opt/ros/jazzy /usr/bin/cmake --build /Projects/ros2_workspace/ros2_starting-project/build/ros2_ex_cpp -- -j8 -l8
[0.047s] -- Found ament_cmake: 2.5.3 (/opt/ros/jazzy/share/ament_cmake/cmake)
[0.282s] -- Found rclcpp: 28.1.6 (/opt/ros/jazzy/share/rclcpp/cmake)
[0.313s] -- Found rosidl_generator_c: 4.6.5 (/opt/ros/jazzy/share/rosidl_generator_c/cmake)
[0.328s] -- Found rosidl_generator_cpp: 4.6.5 (/opt/ros/jazzy/share/rosidl_generator_cpp/cmake)
[0.342s] -- Using all available rosidl_typesupport_c: rosidl_typesupport_fastrtps_c;rosidl_typesupport_introspection_c
[0.356s] -- Using all available rosidl_typesupport_cpp: rosidl_typesupport_fastrtps_cpp;rosidl_typesupport_introspection_cpp
[0.427s] -- Found rmw_implementation_cmake: 7.3.1 (/opt/ros/jazzy/share/rmw_implementation_cmake/cmake)
[0.429s] -- Found rmw_fastrtps_cpp: 8.4.1 (/opt/ros/jazzy/share/rmw_fastrtps_cpp/cmake)
[0.506s] -- Using RMW implementation 'rmw_fastrtps_cpp' as default
[0.582s] -- Found std_msgs: 5.3.5 (/opt/ros/jazzy/share/std_msgs/cmake)
[0.597s] -- Found ament_lint_auto: 0.17.1 (/opt/ros/jazzy/share/ament_lint_auto/cmake)
[0.702s] -- Added test 'cppcheck' to perform static code analysis on C / C++ code
[0.702s] -- Configured cppcheck include dirs: 
[0.703s] -- Configured cppcheck exclude dirs and/or files: 
[0.703s] -- Added test 'lint_cmake' to check CMake code style
[0.704s] -- Added test 'uncrustify' to check C / C++ code style
[0.704s] -- Configured uncrustify additional arguments: 
[0.704s] -- Added test 'xmllint' to check XML markup files
[0.705s] -- Configuring done (0.7s)
[0.719s] -- Generating done (0.0s)
[0.725s] -- Build files have been written to: /Projects/ros2_workspace/ros2_starting-project/build/ros2_ex_cpp
[0.772s] [100%] Built target simple_publisher
[0.783s] Invoked command in '/Projects/ros2_workspace/ros2_starting-project/build/ros2_ex_cpp' returned '0': CMAKE_PREFIX_PATH=${CMAKE_PREFIX_PATH}:/opt/ros/jazzy /usr/bin/cmake --build /Projects/ros2_workspace/ros2_starting-project/build/ros2_ex_cpp -- -j8 -l8
[0.792s] Invoking command in '/Projects/ros2_workspace/ros2_starting-project/build/ros2_ex_cpp': CMAKE_PREFIX_PATH=${CMAKE_PREFIX_PATH}:/opt/ros/jazzy /usr/bin/cmake --install /Projects/ros2_workspace/ros2_starting-project/build/ros2_ex_cpp
[0.801s] -- Install configuration: ""
[0.801s] -- Installing: /Projects/ros2_workspace/ros2_starting-project/install/ros2_ex_cpp/lib/ros2_ex_cpp/simple_publisher
[0.802s] -- Set non-toolchain portion of runtime path of "/Projects/ros2_workspace/ros2_starting-project/install/ros2_ex_cpp/lib/ros2_ex_cpp/simple_publisher" to ""
[0.802s] -- Up-to-date: /Projects/ros2_workspace/ros2_starting-project/install/ros2_ex_cpp/share/ament_index/resource_index/package_run_dependencies/ros2_ex_cpp
[0.803s] -- Up-to-date: /Projects/ros2_workspace/ros2_starting-project/install/ros2_ex_cpp/share/ament_index/resource_index/parent_prefix_path/ros2_ex_cpp
[0.803s] -- Up-to-date: /Projects/ros2_workspace/ros2_starting-project/install/ros2_ex_cpp/share/ros2_ex_cpp/environment/ament_prefix_path.sh
[0.803s] -- Up-to-date: /Projects/ros2_workspace/ros2_starting-project/install/ros2_ex_cpp/share/ros2_ex_cpp/environment/ament_prefix_path.dsv
[0.803s] -- Up-to-date: /Projects/ros2_workspace/ros2_starting-project/install/ros2_ex_cpp/share/ros2_ex_cpp/environment/path.sh
[0.803s] -- Up-to-date: /Projects/ros2_workspace/ros2_starting-project/install/ros2_ex_cpp/share/ros2_ex_cpp/environment/path.dsv
[0.803s] -- Up-to-date: /Projects/ros2_workspace/ros2_starting-project/install/ros2_ex_cpp/share/ros2_ex_cpp/local_setup.bash
[0.803s] -- Up-to-date: /Projects/ros2_workspace/ros2_starting-project/install/ros2_ex_cpp/share/ros2_ex_cpp/local_setup.sh
[0.804s] -- Up-to-date: /Projects/ros2_workspace/ros2_starting-project/install/ros2_ex_cpp/share/ros2_ex_cpp/local_setup.zsh
[0.804s] -- Up-to-date: /Projects/ros2_workspace/ros2_starting-project/install/ros2_ex_cpp/share/ros2_ex_cpp/local_setup.dsv
[0.804s] -- Installing: /Projects/ros2_workspace/ros2_starting-project/install/ros2_ex_cpp/share/ros2_ex_cpp/package.dsv
[0.804s] -- Up-to-date: /Projects/ros2_workspace/ros2_starting-project/install/ros2_ex_cpp/share/ament_index/resource_index/packages/ros2_ex_cpp
[0.804s] -- Up-to-date: /Projects/ros2_workspace/ros2_starting-project/install/ros2_ex_cpp/share/ros2_ex_cpp/cmake/ros2_ex_cppConfig.cmake
[0.804s] -- Up-to-date: /Projects/ros2_workspace/ros2_starting-project/install/ros2_ex_cpp/share/ros2_ex_cpp/cmake/ros2_ex_cppConfig-version.cmake
[0.804s] -- Up-to-date: /Projects/ros2_workspace/ros2_starting-project/install/ros2_ex_cpp/share/ros2_ex_cpp/package.xml
[0.805s] Invoked command in '/Projects/ros2_workspace/ros2_starting-project/build/ros2_ex_cpp' returned '0': CMAKE_PREFIX_PATH=${CMAKE_PREFIX_PATH}:/opt/ros/jazzy /usr/bin/cmake --install /Projects/ros2_workspace/ros2_starting-project/build/ros2_ex_cpp
