running egg_info
creating ../../build/ros2_ex_python/ros2_ex_python.egg-info
writing ../../build/ros2_ex_python/ros2_ex_python.egg-info/PKG-INFO
writing dependency_links to ../../build/ros2_ex_python/ros2_ex_python.egg-info/dependency_links.txt
writing requirements to ../../build/ros2_ex_python/ros2_ex_python.egg-info/requires.txt
writing top-level names to ../../build/ros2_ex_python/ros2_ex_python.egg-info/top_level.txt
writing manifest file '../../build/ros2_ex_python/ros2_ex_python.egg-info/SOURCES.txt'
reading manifest file '../../build/ros2_ex_python/ros2_ex_python.egg-info/SOURCES.txt'
writing manifest file '../../build/ros2_ex_python/ros2_ex_python.egg-info/SOURCES.txt'
running build
running build_py
creating /Projects/ros2_workspace/ros2_starting-project/build/ros2_ex_python/build
creating /Projects/ros2_workspace/ros2_starting-project/build/ros2_ex_python/build/lib
creating /Projects/ros2_workspace/ros2_starting-project/build/ros2_ex_python/build/lib/ros2_ex_python
copying ros2_ex_python/__init__.py -> /Projects/ros2_workspace/ros2_starting-project/build/ros2_ex_python/build/lib/ros2_ex_python
running install
running install_lib
creating /Projects/ros2_workspace/ros2_starting-project/install/ros2_ex_python/lib/python3.12/site-packages/ros2_ex_python
copying /Projects/ros2_workspace/ros2_starting-project/build/ros2_ex_python/build/lib/ros2_ex_python/__init__.py -> /Projects/ros2_workspace/ros2_starting-project/install/ros2_ex_python/lib/python3.12/site-packages/ros2_ex_python
byte-compiling /Projects/ros2_workspace/ros2_starting-project/install/ros2_ex_python/lib/python3.12/site-packages/ros2_ex_python/__init__.py to __init__.cpython-312.pyc
running install_data
creating /Projects/ros2_workspace/ros2_starting-project/install/ros2_ex_python/share/ament_index
creating /Projects/ros2_workspace/ros2_starting-project/install/ros2_ex_python/share/ament_index/resource_index
creating /Projects/ros2_workspace/ros2_starting-project/install/ros2_ex_python/share/ament_index/resource_index/packages
copying resource/ros2_ex_python -> /Projects/ros2_workspace/ros2_starting-project/install/ros2_ex_python/share/ament_index/resource_index/packages
copying package.xml -> /Projects/ros2_workspace/ros2_starting-project/install/ros2_ex_python/share/ros2_ex_python
running install_egg_info
Copying ../../build/ros2_ex_python/ros2_ex_python.egg-info to /Projects/ros2_workspace/ros2_starting-project/install/ros2_ex_python/lib/python3.12/site-packages/ros2_ex_python-0.0.0-py3.12.egg-info
running install_scripts
writing list of installed files to '/Projects/ros2_workspace/ros2_starting-project/build/ros2_ex_python/install.log'
