[0.101s] DEBUG:colcon:Command line arguments: ['/usr/bin/colcon', 'build']
[0.101s] DEBUG:colcon:Parsed command line arguments: Namespace(log_base=None, log_level=None, verb_name='build', build_base='build', install_base='install', merge_install=False, symlink_install=False, test_result_base=None, continue_on_error=False, executor='parallel', parallel_workers=8, event_handlers=None, ignore_user_meta=False, metas=['./colcon.meta'], base_paths=['.'], packages_ignore=None, packages_ignore_regex=None, paths=None, packages_up_to=None, packages_up_to_regex=None, packages_above=None, packages_above_and_dependencies=None, packages_above_depth=None, packages_select_by_dep=None, packages_skip_by_dep=None, packages_skip_up_to=None, packages_select_build_failed=False, packages_skip_build_finished=False, packages_select_test_failures=False, packages_skip_test_passed=False, packages_select=None, packages_skip=None, packages_select_regex=None, packages_skip_regex=None, packages_start=None, packages_end=None, allow_overriding=[], cmake_args=None, cmake_target=None, cmake_target_skip_unavailable=False, cmake_clean_cache=False, cmake_clean_first=False, cmake_force_configure=False, ament_cmake_args=None, catkin_cmake_args=None, catkin_skip_building_tests=False, mixin_files=None, mixin=None, verb_parser=<colcon_mixin.mixin.mixin_argument.MixinArgumentDecorator object at 0x7ae54ea369c0>, verb_extension=<colcon_core.verb.build.BuildVerb object at 0x7ae54ea35ee0>, main=<bound method BuildVerb.main of <colcon_core.verb.build.BuildVerb object at 0x7ae54ea35ee0>>, mixin_verb=('build',))
[0.138s] Level 1:colcon.colcon_core.package_discovery:discover_packages(colcon_meta) check parameters
[0.138s] Level 1:colcon.colcon_core.package_discovery:discover_packages(recursive) check parameters
[0.138s] Level 1:colcon.colcon_core.package_discovery:discover_packages(ignore) check parameters
[0.138s] Level 1:colcon.colcon_core.package_discovery:discover_packages(path) check parameters
[0.138s] Level 1:colcon.colcon_core.package_discovery:discover_packages(colcon_meta) discover
[0.138s] Level 1:colcon.colcon_core.package_discovery:discover_packages(recursive) discover
[0.138s] INFO:colcon.colcon_core.package_discovery:Crawling recursively for packages in '/Projects/ros2_workspace/ros2_starting-project'
[0.138s] Level 1:colcon.colcon_core.package_identification:_identify(.) by extensions ['ignore', 'ignore_ament_install']
[0.138s] Level 1:colcon.colcon_core.package_identification:_identify(.) by extension 'ignore'
[0.138s] Level 1:colcon.colcon_core.package_identification:_identify(.) by extension 'ignore_ament_install'
[0.138s] Level 1:colcon.colcon_core.package_identification:_identify(.) by extensions ['colcon_pkg']
[0.138s] Level 1:colcon.colcon_core.package_identification:_identify(.) by extension 'colcon_pkg'
[0.139s] Level 1:colcon.colcon_core.package_identification:_identify(.) by extensions ['colcon_meta']
[0.139s] Level 1:colcon.colcon_core.package_identification:_identify(.) by extension 'colcon_meta'
[0.139s] Level 1:colcon.colcon_core.package_identification:_identify(.) by extensions ['ros']
[0.139s] Level 1:colcon.colcon_core.package_identification:_identify(.) by extension 'ros'
[0.163s] Level 1:colcon.colcon_core.package_identification:_identify(.) by extensions ['cmake', 'python']
[0.163s] Level 1:colcon.colcon_core.package_identification:_identify(.) by extension 'cmake'
[0.163s] Level 1:colcon.colcon_core.package_identification:_identify(.) by extension 'python'
[0.163s] Level 1:colcon.colcon_core.package_identification:_identify(.) by extensions ['python_setup_py']
[0.163s] Level 1:colcon.colcon_core.package_identification:_identify(.) by extension 'python_setup_py'
[0.163s] Level 1:colcon.colcon_core.package_identification:_identify(build) by extensions ['ignore', 'ignore_ament_install']
[0.163s] Level 1:colcon.colcon_core.package_identification:_identify(build) by extension 'ignore'
[0.163s] Level 1:colcon.colcon_core.package_identification:_identify(build) ignored
[0.163s] Level 1:colcon.colcon_core.package_identification:_identify(install) by extensions ['ignore', 'ignore_ament_install']
[0.163s] Level 1:colcon.colcon_core.package_identification:_identify(install) by extension 'ignore'
[0.163s] Level 1:colcon.colcon_core.package_identification:_identify(install) ignored
[0.163s] Level 1:colcon.colcon_core.package_identification:_identify(log) by extensions ['ignore', 'ignore_ament_install']
[0.164s] Level 1:colcon.colcon_core.package_identification:_identify(log) by extension 'ignore'
[0.164s] Level 1:colcon.colcon_core.package_identification:_identify(log) ignored
[0.164s] Level 1:colcon.colcon_core.package_identification:_identify(src) by extensions ['ignore', 'ignore_ament_install']
[0.164s] Level 1:colcon.colcon_core.package_identification:_identify(src) by extension 'ignore'
[0.164s] Level 1:colcon.colcon_core.package_identification:_identify(src) by extension 'ignore_ament_install'
[0.164s] Level 1:colcon.colcon_core.package_identification:_identify(src) by extensions ['colcon_pkg']
[0.164s] Level 1:colcon.colcon_core.package_identification:_identify(src) by extension 'colcon_pkg'
[0.164s] Level 1:colcon.colcon_core.package_identification:_identify(src) by extensions ['colcon_meta']
[0.164s] Level 1:colcon.colcon_core.package_identification:_identify(src) by extension 'colcon_meta'
[0.164s] Level 1:colcon.colcon_core.package_identification:_identify(src) by extensions ['ros']
[0.164s] Level 1:colcon.colcon_core.package_identification:_identify(src) by extension 'ros'
[0.164s] Level 1:colcon.colcon_core.package_identification:_identify(src) by extensions ['cmake', 'python']
[0.164s] Level 1:colcon.colcon_core.package_identification:_identify(src) by extension 'cmake'
[0.164s] Level 1:colcon.colcon_core.package_identification:_identify(src) by extension 'python'
[0.164s] Level 1:colcon.colcon_core.package_identification:_identify(src) by extensions ['python_setup_py']
[0.164s] Level 1:colcon.colcon_core.package_identification:_identify(src) by extension 'python_setup_py'
[0.164s] Level 1:colcon.colcon_core.package_identification:_identify(src/ros2_ex_cpp) by extensions ['ignore', 'ignore_ament_install']
[0.164s] Level 1:colcon.colcon_core.package_identification:_identify(src/ros2_ex_cpp) by extension 'ignore'
[0.164s] Level 1:colcon.colcon_core.package_identification:_identify(src/ros2_ex_cpp) by extension 'ignore_ament_install'
[0.165s] Level 1:colcon.colcon_core.package_identification:_identify(src/ros2_ex_cpp) by extensions ['colcon_pkg']
[0.165s] Level 1:colcon.colcon_core.package_identification:_identify(src/ros2_ex_cpp) by extension 'colcon_pkg'
[0.165s] Level 1:colcon.colcon_core.package_identification:_identify(src/ros2_ex_cpp) by extensions ['colcon_meta']
[0.165s] Level 1:colcon.colcon_core.package_identification:_identify(src/ros2_ex_cpp) by extension 'colcon_meta'
[0.165s] Level 1:colcon.colcon_core.package_identification:_identify(src/ros2_ex_cpp) by extensions ['ros']
[0.165s] Level 1:colcon.colcon_core.package_identification:_identify(src/ros2_ex_cpp) by extension 'ros'
[0.167s] DEBUG:colcon.colcon_core.package_identification:Package 'src/ros2_ex_cpp' with type 'ros.ament_cmake' and name 'ros2_ex_cpp'
[0.167s] Level 1:colcon.colcon_core.package_identification:_identify(src/ros2_ex_python) by extensions ['ignore', 'ignore_ament_install']
[0.167s] Level 1:colcon.colcon_core.package_identification:_identify(src/ros2_ex_python) by extension 'ignore'
[0.167s] Level 1:colcon.colcon_core.package_identification:_identify(src/ros2_ex_python) by extension 'ignore_ament_install'
[0.167s] Level 1:colcon.colcon_core.package_identification:_identify(src/ros2_ex_python) by extensions ['colcon_pkg']
[0.167s] Level 1:colcon.colcon_core.package_identification:_identify(src/ros2_ex_python) by extension 'colcon_pkg'
[0.167s] Level 1:colcon.colcon_core.package_identification:_identify(src/ros2_ex_python) by extensions ['colcon_meta']
[0.167s] Level 1:colcon.colcon_core.package_identification:_identify(src/ros2_ex_python) by extension 'colcon_meta'
[0.167s] Level 1:colcon.colcon_core.package_identification:_identify(src/ros2_ex_python) by extensions ['ros']
[0.167s] Level 1:colcon.colcon_core.package_identification:_identify(src/ros2_ex_python) by extension 'ros'
[0.168s] DEBUG:colcon.colcon_core.package_identification:Package 'src/ros2_ex_python' with type 'ros.ament_python' and name 'ros2_ex_python'
[0.168s] Level 1:colcon.colcon_core.package_discovery:discover_packages(recursive) using defaults
[0.168s] Level 1:colcon.colcon_core.package_discovery:discover_packages(ignore) discover
[0.168s] Level 1:colcon.colcon_core.package_discovery:discover_packages(ignore) using defaults
[0.168s] Level 1:colcon.colcon_core.package_discovery:discover_packages(path) discover
[0.168s] Level 1:colcon.colcon_core.package_discovery:discover_packages(path) using defaults
[0.189s] Level 1:colcon.colcon_core.package_discovery:discover_packages(prefix_path) check parameters
[0.189s] Level 1:colcon.colcon_core.package_discovery:discover_packages(prefix_path) discover
[0.192s] DEBUG:colcon.colcon_installed_package_information.package_discovery:Found 335 installed packages in /opt/ros/jazzy
[0.193s] Level 1:colcon.colcon_core.package_discovery:discover_packages(prefix_path) using defaults
[0.243s] Level 5:colcon.colcon_core.verb:set package 'ros2_ex_cpp' build argument 'cmake_args' from command line to 'None'
[0.243s] Level 5:colcon.colcon_core.verb:set package 'ros2_ex_cpp' build argument 'cmake_target' from command line to 'None'
[0.243s] Level 5:colcon.colcon_core.verb:set package 'ros2_ex_cpp' build argument 'cmake_target_skip_unavailable' from command line to 'False'
[0.243s] Level 5:colcon.colcon_core.verb:set package 'ros2_ex_cpp' build argument 'cmake_clean_cache' from command line to 'False'
[0.243s] Level 5:colcon.colcon_core.verb:set package 'ros2_ex_cpp' build argument 'cmake_clean_first' from command line to 'False'
[0.243s] Level 5:colcon.colcon_core.verb:set package 'ros2_ex_cpp' build argument 'cmake_force_configure' from command line to 'False'
[0.243s] Level 5:colcon.colcon_core.verb:set package 'ros2_ex_cpp' build argument 'ament_cmake_args' from command line to 'None'
[0.243s] Level 5:colcon.colcon_core.verb:set package 'ros2_ex_cpp' build argument 'catkin_cmake_args' from command line to 'None'
[0.243s] Level 5:colcon.colcon_core.verb:set package 'ros2_ex_cpp' build argument 'catkin_skip_building_tests' from command line to 'False'
[0.243s] DEBUG:colcon.colcon_core.verb:Building package 'ros2_ex_cpp' with the following arguments: {'ament_cmake_args': None, 'build_base': '/Projects/ros2_workspace/ros2_starting-project/build/ros2_ex_cpp', 'catkin_cmake_args': None, 'catkin_skip_building_tests': False, 'cmake_args': None, 'cmake_clean_cache': False, 'cmake_clean_first': False, 'cmake_force_configure': False, 'cmake_target': None, 'cmake_target_skip_unavailable': False, 'install_base': '/Projects/ros2_workspace/ros2_starting-project/install/ros2_ex_cpp', 'merge_install': False, 'path': '/Projects/ros2_workspace/ros2_starting-project/src/ros2_ex_cpp', 'symlink_install': False, 'test_result_base': None}
[0.244s] Level 5:colcon.colcon_core.verb:set package 'ros2_ex_python' build argument 'cmake_args' from command line to 'None'
[0.244s] Level 5:colcon.colcon_core.verb:set package 'ros2_ex_python' build argument 'cmake_target' from command line to 'None'
[0.244s] Level 5:colcon.colcon_core.verb:set package 'ros2_ex_python' build argument 'cmake_target_skip_unavailable' from command line to 'False'
[0.244s] Level 5:colcon.colcon_core.verb:set package 'ros2_ex_python' build argument 'cmake_clean_cache' from command line to 'False'
[0.244s] Level 5:colcon.colcon_core.verb:set package 'ros2_ex_python' build argument 'cmake_clean_first' from command line to 'False'
[0.244s] Level 5:colcon.colcon_core.verb:set package 'ros2_ex_python' build argument 'cmake_force_configure' from command line to 'False'
[0.244s] Level 5:colcon.colcon_core.verb:set package 'ros2_ex_python' build argument 'ament_cmake_args' from command line to 'None'
[0.244s] Level 5:colcon.colcon_core.verb:set package 'ros2_ex_python' build argument 'catkin_cmake_args' from command line to 'None'
[0.244s] Level 5:colcon.colcon_core.verb:set package 'ros2_ex_python' build argument 'catkin_skip_building_tests' from command line to 'False'
[0.244s] DEBUG:colcon.colcon_core.verb:Building package 'ros2_ex_python' with the following arguments: {'ament_cmake_args': None, 'build_base': '/Projects/ros2_workspace/ros2_starting-project/build/ros2_ex_python', 'catkin_cmake_args': None, 'catkin_skip_building_tests': False, 'cmake_args': None, 'cmake_clean_cache': False, 'cmake_clean_first': False, 'cmake_force_configure': False, 'cmake_target': None, 'cmake_target_skip_unavailable': False, 'install_base': '/Projects/ros2_workspace/ros2_starting-project/install/ros2_ex_python', 'merge_install': False, 'path': '/Projects/ros2_workspace/ros2_starting-project/src/ros2_ex_python', 'symlink_install': False, 'test_result_base': None}
[0.244s] INFO:colcon.colcon_core.executor:Executing jobs using 'parallel' executor
[0.245s] DEBUG:colcon.colcon_parallel_executor.executor.parallel:run_until_complete
[0.245s] INFO:colcon.colcon_ros.task.ament_cmake.build:Building ROS package in '/Projects/ros2_workspace/ros2_starting-project/src/ros2_ex_cpp' with build type 'ament_cmake'
[0.245s] INFO:colcon.colcon_cmake.task.cmake.build:Building CMake package in '/Projects/ros2_workspace/ros2_starting-project/src/ros2_ex_cpp'
[0.249s] INFO:colcon.colcon_core.plugin_system:Skipping extension 'colcon_core.shell.bat': Not used on non-Windows systems
[0.250s] INFO:colcon.colcon_core.shell:Skip shell extension 'powershell' for command environment: Not usable outside of PowerShell
[0.250s] DEBUG:colcon.colcon_core.shell:Skip shell extension 'dsv' for command environment
[0.255s] INFO:colcon.colcon_ros.task.ament_python.build:Building ROS package in '/Projects/ros2_workspace/ros2_starting-project/src/ros2_ex_python' with build type 'ament_python'
[0.255s] Level 1:colcon.colcon_core.shell:create_environment_hook('ros2_ex_python', 'ament_prefix_path')
[0.256s] INFO:colcon.colcon_core.shell:Creating environment hook '/Projects/ros2_workspace/ros2_starting-project/install/ros2_ex_python/share/ros2_ex_python/hook/ament_prefix_path.ps1'
[0.257s] INFO:colcon.colcon_core.shell:Creating environment descriptor '/Projects/ros2_workspace/ros2_starting-project/install/ros2_ex_python/share/ros2_ex_python/hook/ament_prefix_path.dsv'
[0.257s] INFO:colcon.colcon_core.shell:Creating environment hook '/Projects/ros2_workspace/ros2_starting-project/install/ros2_ex_python/share/ros2_ex_python/hook/ament_prefix_path.sh'
[0.258s] INFO:colcon.colcon_core.shell:Skip shell extension 'powershell' for command environment: Not usable outside of PowerShell
[0.258s] DEBUG:colcon.colcon_core.shell:Skip shell extension 'dsv' for command environment
[0.264s] DEBUG:colcon.colcon_core.event_handler.log_command:Invoking command in '/Projects/ros2_workspace/ros2_starting-project/build/ros2_ex_cpp': CMAKE_PREFIX_PATH=${CMAKE_PREFIX_PATH}:/opt/ros/jazzy /usr/bin/cmake --build /Projects/ros2_workspace/ros2_starting-project/build/ros2_ex_cpp -- -j8 -l8
[0.538s] INFO:colcon.colcon_core.task.python.build:Building Python package in '/Projects/ros2_workspace/ros2_starting-project/src/ros2_ex_python'
[0.538s] INFO:colcon.colcon_core.shell:Skip shell extension 'powershell' for command environment: Not usable outside of PowerShell
[0.539s] DEBUG:colcon.colcon_core.shell:Skip shell extension 'dsv' for command environment
[1.414s] DEBUG:colcon.colcon_core.event_handler.log_command:Invoking command in '/Projects/ros2_workspace/ros2_starting-project/src/ros2_ex_python': PYTHONPATH=/Projects/ros2_workspace/ros2_starting-project/build/ros2_ex_python/prefix_override:/usr/lib/python3/dist-packages/colcon_core/task/python/colcon_distutils_commands:/Projects/ros2_workspace/ros2_starting-project/install/ros2_ex_python/lib/python3.12/site-packages:${PYTHONPATH} /usr/bin/python3 -W ignore:setup.py install is deprecated -W ignore:easy_install command is deprecated setup.py egg_info --egg-base ../../build/ros2_ex_python build --build-base /Projects/ros2_workspace/ros2_starting-project/build/ros2_ex_python/build install --record /Projects/ros2_workspace/ros2_starting-project/build/ros2_ex_python/install.log --single-version-externally-managed install_data
[2.156s] DEBUG:colcon.colcon_core.event_handler.log_command:Invoked command in '/Projects/ros2_workspace/ros2_starting-project/src/ros2_ex_python' returned '0': PYTHONPATH=/Projects/ros2_workspace/ros2_starting-project/build/ros2_ex_python/prefix_override:/usr/lib/python3/dist-packages/colcon_core/task/python/colcon_distutils_commands:/Projects/ros2_workspace/ros2_starting-project/install/ros2_ex_python/lib/python3.12/site-packages:${PYTHONPATH} /usr/bin/python3 -W ignore:setup.py install is deprecated -W ignore:easy_install command is deprecated setup.py egg_info --egg-base ../../build/ros2_ex_python build --build-base /Projects/ros2_workspace/ros2_starting-project/build/ros2_ex_python/build install --record /Projects/ros2_workspace/ros2_starting-project/build/ros2_ex_python/install.log --single-version-externally-managed install_data
[2.159s] Level 1:colcon.colcon_core.environment:checking '/Projects/ros2_workspace/ros2_starting-project/install/ros2_ex_python' for CMake module files
[2.160s] Level 1:colcon.colcon_core.environment:checking '/Projects/ros2_workspace/ros2_starting-project/install/ros2_ex_python' for CMake config files
[2.161s] Level 1:colcon.colcon_core.environment:checking '/Projects/ros2_workspace/ros2_starting-project/install/ros2_ex_python/lib'
[2.162s] Level 1:colcon.colcon_core.environment:checking '/Projects/ros2_workspace/ros2_starting-project/install/ros2_ex_python/bin'
[2.162s] Level 1:colcon.colcon_core.environment:checking '/Projects/ros2_workspace/ros2_starting-project/install/ros2_ex_python/lib/pkgconfig/ros2_ex_python.pc'
[2.162s] Level 1:colcon.colcon_core.environment:checking '/Projects/ros2_workspace/ros2_starting-project/install/ros2_ex_python/lib/python3.12/site-packages'
[2.162s] Level 1:colcon.colcon_core.shell:create_environment_hook('ros2_ex_python', 'pythonpath')
[2.163s] INFO:colcon.colcon_core.shell:Creating environment hook '/Projects/ros2_workspace/ros2_starting-project/install/ros2_ex_python/share/ros2_ex_python/hook/pythonpath.ps1'
[2.163s] INFO:colcon.colcon_core.shell:Creating environment descriptor '/Projects/ros2_workspace/ros2_starting-project/install/ros2_ex_python/share/ros2_ex_python/hook/pythonpath.dsv'
[2.164s] INFO:colcon.colcon_core.shell:Creating environment hook '/Projects/ros2_workspace/ros2_starting-project/install/ros2_ex_python/share/ros2_ex_python/hook/pythonpath.sh'
[2.164s] Level 1:colcon.colcon_core.environment:checking '/Projects/ros2_workspace/ros2_starting-project/install/ros2_ex_python/bin'
[2.165s] Level 1:colcon.colcon_core.environment:create_environment_scripts_only(ros2_ex_python)
[2.165s] INFO:colcon.colcon_core.shell:Creating package script '/Projects/ros2_workspace/ros2_starting-project/install/ros2_ex_python/share/ros2_ex_python/package.ps1'
[2.166s] INFO:colcon.colcon_core.shell:Creating package descriptor '/Projects/ros2_workspace/ros2_starting-project/install/ros2_ex_python/share/ros2_ex_python/package.dsv'
[2.167s] INFO:colcon.colcon_core.shell:Creating package script '/Projects/ros2_workspace/ros2_starting-project/install/ros2_ex_python/share/ros2_ex_python/package.sh'
[2.168s] INFO:colcon.colcon_core.shell:Creating package script '/Projects/ros2_workspace/ros2_starting-project/install/ros2_ex_python/share/ros2_ex_python/package.bash'
[2.169s] INFO:colcon.colcon_core.shell:Creating package script '/Projects/ros2_workspace/ros2_starting-project/install/ros2_ex_python/share/ros2_ex_python/package.zsh'
[2.171s] Level 1:colcon.colcon_core.environment:create_file_with_runtime_dependencies(/Projects/ros2_workspace/ros2_starting-project/install/ros2_ex_python/share/colcon-core/packages/ros2_ex_python)
[9.873s] DEBUG:colcon.colcon_core.event_handler.log_command:Invoked command in '/Projects/ros2_workspace/ros2_starting-project/build/ros2_ex_cpp' returned '0': CMAKE_PREFIX_PATH=${CMAKE_PREFIX_PATH}:/opt/ros/jazzy /usr/bin/cmake --build /Projects/ros2_workspace/ros2_starting-project/build/ros2_ex_cpp -- -j8 -l8
[9.883s] DEBUG:colcon.colcon_core.event_handler.log_command:Invoking command in '/Projects/ros2_workspace/ros2_starting-project/build/ros2_ex_cpp': CMAKE_PREFIX_PATH=${CMAKE_PREFIX_PATH}:/opt/ros/jazzy /usr/bin/cmake --install /Projects/ros2_workspace/ros2_starting-project/build/ros2_ex_cpp
[9.912s] Level 1:colcon.colcon_core.environment:create_environment_scripts_only(ros2_ex_cpp)
[9.912s] Level 1:colcon.colcon_core.environment:checking '/Projects/ros2_workspace/ros2_starting-project/install/ros2_ex_cpp' for CMake module files
[9.913s] DEBUG:colcon.colcon_core.event_handler.log_command:Invoked command in '/Projects/ros2_workspace/ros2_starting-project/build/ros2_ex_cpp' returned '0': CMAKE_PREFIX_PATH=${CMAKE_PREFIX_PATH}:/opt/ros/jazzy /usr/bin/cmake --install /Projects/ros2_workspace/ros2_starting-project/build/ros2_ex_cpp
[9.914s] Level 1:colcon.colcon_core.environment:checking '/Projects/ros2_workspace/ros2_starting-project/install/ros2_ex_cpp' for CMake config files
[9.914s] Level 1:colcon.colcon_core.shell:create_environment_hook('ros2_ex_cpp', 'cmake_prefix_path')
[9.914s] INFO:colcon.colcon_core.shell:Creating environment hook '/Projects/ros2_workspace/ros2_starting-project/install/ros2_ex_cpp/share/ros2_ex_cpp/hook/cmake_prefix_path.ps1'
[9.914s] INFO:colcon.colcon_core.shell:Creating environment descriptor '/Projects/ros2_workspace/ros2_starting-project/install/ros2_ex_cpp/share/ros2_ex_cpp/hook/cmake_prefix_path.dsv'
[9.915s] INFO:colcon.colcon_core.shell:Creating environment hook '/Projects/ros2_workspace/ros2_starting-project/install/ros2_ex_cpp/share/ros2_ex_cpp/hook/cmake_prefix_path.sh'
[9.915s] Level 1:colcon.colcon_core.environment:checking '/Projects/ros2_workspace/ros2_starting-project/install/ros2_ex_cpp/lib'
[9.915s] Level 1:colcon.colcon_core.environment:checking '/Projects/ros2_workspace/ros2_starting-project/install/ros2_ex_cpp/bin'
[9.915s] Level 1:colcon.colcon_core.environment:checking '/Projects/ros2_workspace/ros2_starting-project/install/ros2_ex_cpp/lib/pkgconfig/ros2_ex_cpp.pc'
[9.916s] Level 1:colcon.colcon_core.environment:checking '/Projects/ros2_workspace/ros2_starting-project/install/ros2_ex_cpp/lib/python3.12/site-packages'
[9.916s] Level 1:colcon.colcon_core.environment:checking '/Projects/ros2_workspace/ros2_starting-project/install/ros2_ex_cpp/bin'
[9.916s] INFO:colcon.colcon_core.shell:Creating package script '/Projects/ros2_workspace/ros2_starting-project/install/ros2_ex_cpp/share/ros2_ex_cpp/package.ps1'
[9.916s] INFO:colcon.colcon_core.shell:Creating package descriptor '/Projects/ros2_workspace/ros2_starting-project/install/ros2_ex_cpp/share/ros2_ex_cpp/package.dsv'
[9.917s] INFO:colcon.colcon_core.shell:Creating package script '/Projects/ros2_workspace/ros2_starting-project/install/ros2_ex_cpp/share/ros2_ex_cpp/package.sh'
[9.917s] INFO:colcon.colcon_core.shell:Creating package script '/Projects/ros2_workspace/ros2_starting-project/install/ros2_ex_cpp/share/ros2_ex_cpp/package.bash'
[9.918s] INFO:colcon.colcon_core.shell:Creating package script '/Projects/ros2_workspace/ros2_starting-project/install/ros2_ex_cpp/share/ros2_ex_cpp/package.zsh'
[9.918s] Level 1:colcon.colcon_core.environment:create_file_with_runtime_dependencies(/Projects/ros2_workspace/ros2_starting-project/install/ros2_ex_cpp/share/colcon-core/packages/ros2_ex_cpp)
[9.918s] Level 1:colcon.colcon_core.environment:create_environment_scripts_only(ros2_ex_cpp)
[9.919s] Level 1:colcon.colcon_core.environment:checking '/Projects/ros2_workspace/ros2_starting-project/install/ros2_ex_cpp' for CMake module files
[9.919s] Level 1:colcon.colcon_core.environment:checking '/Projects/ros2_workspace/ros2_starting-project/install/ros2_ex_cpp' for CMake config files
[9.920s] Level 1:colcon.colcon_core.shell:create_environment_hook('ros2_ex_cpp', 'cmake_prefix_path')
[9.920s] INFO:colcon.colcon_core.shell:Creating environment hook '/Projects/ros2_workspace/ros2_starting-project/install/ros2_ex_cpp/share/ros2_ex_cpp/hook/cmake_prefix_path.ps1'
[9.921s] INFO:colcon.colcon_core.shell:Creating environment descriptor '/Projects/ros2_workspace/ros2_starting-project/install/ros2_ex_cpp/share/ros2_ex_cpp/hook/cmake_prefix_path.dsv'
[9.921s] INFO:colcon.colcon_core.shell:Creating environment hook '/Projects/ros2_workspace/ros2_starting-project/install/ros2_ex_cpp/share/ros2_ex_cpp/hook/cmake_prefix_path.sh'
[9.922s] Level 1:colcon.colcon_core.environment:checking '/Projects/ros2_workspace/ros2_starting-project/install/ros2_ex_cpp/lib'
[9.922s] Level 1:colcon.colcon_core.environment:checking '/Projects/ros2_workspace/ros2_starting-project/install/ros2_ex_cpp/bin'
[9.922s] Level 1:colcon.colcon_core.environment:checking '/Projects/ros2_workspace/ros2_starting-project/install/ros2_ex_cpp/lib/pkgconfig/ros2_ex_cpp.pc'
[9.922s] Level 1:colcon.colcon_core.environment:checking '/Projects/ros2_workspace/ros2_starting-project/install/ros2_ex_cpp/lib/python3.12/site-packages'
[9.923s] Level 1:colcon.colcon_core.environment:checking '/Projects/ros2_workspace/ros2_starting-project/install/ros2_ex_cpp/bin'
[9.923s] INFO:colcon.colcon_core.shell:Creating package script '/Projects/ros2_workspace/ros2_starting-project/install/ros2_ex_cpp/share/ros2_ex_cpp/package.ps1'
[9.923s] INFO:colcon.colcon_core.shell:Creating package descriptor '/Projects/ros2_workspace/ros2_starting-project/install/ros2_ex_cpp/share/ros2_ex_cpp/package.dsv'
[9.924s] INFO:colcon.colcon_core.shell:Creating package script '/Projects/ros2_workspace/ros2_starting-project/install/ros2_ex_cpp/share/ros2_ex_cpp/package.sh'
[9.924s] INFO:colcon.colcon_core.shell:Creating package script '/Projects/ros2_workspace/ros2_starting-project/install/ros2_ex_cpp/share/ros2_ex_cpp/package.bash'
[9.925s] INFO:colcon.colcon_core.shell:Creating package script '/Projects/ros2_workspace/ros2_starting-project/install/ros2_ex_cpp/share/ros2_ex_cpp/package.zsh'
[9.925s] Level 1:colcon.colcon_core.environment:create_file_with_runtime_dependencies(/Projects/ros2_workspace/ros2_starting-project/install/ros2_ex_cpp/share/colcon-core/packages/ros2_ex_cpp)
[9.925s] DEBUG:colcon.colcon_parallel_executor.executor.parallel:closing loop
[9.926s] DEBUG:colcon.colcon_parallel_executor.executor.parallel:loop closed
[9.926s] DEBUG:colcon.colcon_parallel_executor.executor.parallel:run_until_complete finished with '0'
[9.926s] DEBUG:colcon.colcon_core.event_reactor:joining thread
[9.933s] INFO:colcon.colcon_core.plugin_system:Skipping extension 'colcon_notification.desktop_notification.notify_send': Could not find 'notify-send'
[9.933s] INFO:colcon.colcon_core.plugin_system:Skipping extension 'colcon_notification.desktop_notification.terminal_notifier': Not used on non-Darwin systems
[9.933s] INFO:colcon.colcon_core.plugin_system:Skipping extension 'colcon_notification.desktop_notification.win32': Not used on non-Windows systems
[9.933s] INFO:colcon.colcon_notification.desktop_notification:Sending desktop notification using 'notify2'
[9.943s] DEBUG:colcon.colcon_notification.desktop_notification.notify2:Failed to initialize notify2: org.freedesktop.DBus.Error.Spawn.ExecFailed: /usr/bin/dbus-launch terminated abnormally with the following error: Authorization required, but no authorization protocol specified

Autolaunch error: X11 initialization failed.

[9.943s] DEBUG:colcon.colcon_core.event_reactor:joined thread
[9.944s] INFO:colcon.colcon_core.shell:Creating prefix script '/Projects/ros2_workspace/ros2_starting-project/install/local_setup.ps1'
[9.945s] INFO:colcon.colcon_core.shell:Creating prefix util module '/Projects/ros2_workspace/ros2_starting-project/install/_local_setup_util_ps1.py'
[9.947s] INFO:colcon.colcon_core.shell:Creating prefix chain script '/Projects/ros2_workspace/ros2_starting-project/install/setup.ps1'
[9.948s] INFO:colcon.colcon_core.shell:Creating prefix script '/Projects/ros2_workspace/ros2_starting-project/install/local_setup.sh'
[9.949s] INFO:colcon.colcon_core.shell:Creating prefix util module '/Projects/ros2_workspace/ros2_starting-project/install/_local_setup_util_sh.py'
[9.949s] INFO:colcon.colcon_core.shell:Creating prefix chain script '/Projects/ros2_workspace/ros2_starting-project/install/setup.sh'
[9.950s] INFO:colcon.colcon_core.shell:Creating prefix script '/Projects/ros2_workspace/ros2_starting-project/install/local_setup.bash'
[9.951s] INFO:colcon.colcon_core.shell:Creating prefix chain script '/Projects/ros2_workspace/ros2_starting-project/install/setup.bash'
[9.952s] INFO:colcon.colcon_core.shell:Creating prefix script '/Projects/ros2_workspace/ros2_starting-project/install/local_setup.zsh'
[9.953s] INFO:colcon.colcon_core.shell:Creating prefix chain script '/Projects/ros2_workspace/ros2_starting-project/install/setup.zsh'
