[0.105s] DEBUG:colcon:Command line arguments: ['/usr/bin/colcon', 'build']
[0.105s] DEBUG:colcon:Parsed command line arguments: Namespace(log_base=None, log_level=None, verb_name='build', build_base='build', install_base='install', merge_install=False, symlink_install=False, test_result_base=None, continue_on_error=False, executor='parallel', parallel_workers=8, event_handlers=None, ignore_user_meta=False, metas=['./colcon.meta'], base_paths=['.'], packages_ignore=None, packages_ignore_regex=None, paths=None, packages_up_to=None, packages_up_to_regex=None, packages_above=None, packages_above_and_dependencies=None, packages_above_depth=None, packages_select_by_dep=None, packages_skip_by_dep=None, packages_skip_up_to=None, packages_select_build_failed=False, packages_skip_build_finished=False, packages_select_test_failures=False, packages_skip_test_passed=False, packages_select=None, packages_skip=None, packages_select_regex=None, packages_skip_regex=None, packages_start=None, packages_end=None, allow_overriding=[], cmake_args=None, cmake_target=None, cmake_target_skip_unavailable=False, cmake_clean_cache=False, cmake_clean_first=False, cmake_force_configure=False, ament_cmake_args=None, catkin_cmake_args=None, catkin_skip_building_tests=False, mixin_files=None, mixin=None, verb_parser=<colcon_mixin.mixin.mixin_argument.MixinArgumentDecorator object at 0x717673446a80>, verb_extension=<colcon_core.verb.build.BuildVerb object at 0x717673445fa0>, main=<bound method BuildVerb.main of <colcon_core.verb.build.BuildVerb object at 0x717673445fa0>>, mixin_verb=('build',))
[0.142s] Level 1:colcon.colcon_core.package_discovery:discover_packages(colcon_meta) check parameters
[0.142s] Level 1:colcon.colcon_core.package_discovery:discover_packages(recursive) check parameters
[0.142s] Level 1:colcon.colcon_core.package_discovery:discover_packages(ignore) check parameters
[0.142s] Level 1:colcon.colcon_core.package_discovery:discover_packages(path) check parameters
[0.142s] Level 1:colcon.colcon_core.package_discovery:discover_packages(colcon_meta) discover
[0.142s] Level 1:colcon.colcon_core.package_discovery:discover_packages(recursive) discover
[0.142s] INFO:colcon.colcon_core.package_discovery:Crawling recursively for packages in '/Projects/ros2_workspace/ros2_starting-project'
[0.142s] Level 1:colcon.colcon_core.package_identification:_identify(.) by extensions ['ignore', 'ignore_ament_install']
[0.142s] Level 1:colcon.colcon_core.package_identification:_identify(.) by extension 'ignore'
[0.142s] Level 1:colcon.colcon_core.package_identification:_identify(.) by extension 'ignore_ament_install'
[0.142s] Level 1:colcon.colcon_core.package_identification:_identify(.) by extensions ['colcon_pkg']
[0.142s] Level 1:colcon.colcon_core.package_identification:_identify(.) by extension 'colcon_pkg'
[0.142s] Level 1:colcon.colcon_core.package_identification:_identify(.) by extensions ['colcon_meta']
[0.142s] Level 1:colcon.colcon_core.package_identification:_identify(.) by extension 'colcon_meta'
[0.142s] Level 1:colcon.colcon_core.package_identification:_identify(.) by extensions ['ros']
[0.142s] Level 1:colcon.colcon_core.package_identification:_identify(.) by extension 'ros'
[0.166s] Level 1:colcon.colcon_core.package_identification:_identify(.) by extensions ['cmake', 'python']
[0.166s] Level 1:colcon.colcon_core.package_identification:_identify(.) by extension 'cmake'
[0.166s] Level 1:colcon.colcon_core.package_identification:_identify(.) by extension 'python'
[0.166s] Level 1:colcon.colcon_core.package_identification:_identify(.) by extensions ['python_setup_py']
[0.166s] Level 1:colcon.colcon_core.package_identification:_identify(.) by extension 'python_setup_py'
[0.166s] Level 1:colcon.colcon_core.package_identification:_identify(build) by extensions ['ignore', 'ignore_ament_install']
[0.166s] Level 1:colcon.colcon_core.package_identification:_identify(build) by extension 'ignore'
[0.166s] Level 1:colcon.colcon_core.package_identification:_identify(build) ignored
[0.167s] Level 1:colcon.colcon_core.package_identification:_identify(install) by extensions ['ignore', 'ignore_ament_install']
[0.167s] Level 1:colcon.colcon_core.package_identification:_identify(install) by extension 'ignore'
[0.167s] Level 1:colcon.colcon_core.package_identification:_identify(install) ignored
[0.167s] Level 1:colcon.colcon_core.package_identification:_identify(log) by extensions ['ignore', 'ignore_ament_install']
[0.167s] Level 1:colcon.colcon_core.package_identification:_identify(log) by extension 'ignore'
[0.167s] Level 1:colcon.colcon_core.package_identification:_identify(log) ignored
[0.167s] Level 1:colcon.colcon_core.package_identification:_identify(src) by extensions ['ignore', 'ignore_ament_install']
[0.167s] Level 1:colcon.colcon_core.package_identification:_identify(src) by extension 'ignore'
[0.167s] Level 1:colcon.colcon_core.package_identification:_identify(src) by extension 'ignore_ament_install'
[0.167s] Level 1:colcon.colcon_core.package_identification:_identify(src) by extensions ['colcon_pkg']
[0.167s] Level 1:colcon.colcon_core.package_identification:_identify(src) by extension 'colcon_pkg'
[0.167s] Level 1:colcon.colcon_core.package_identification:_identify(src) by extensions ['colcon_meta']
[0.167s] Level 1:colcon.colcon_core.package_identification:_identify(src) by extension 'colcon_meta'
[0.167s] Level 1:colcon.colcon_core.package_identification:_identify(src) by extensions ['ros']
[0.167s] Level 1:colcon.colcon_core.package_identification:_identify(src) by extension 'ros'
[0.167s] Level 1:colcon.colcon_core.package_identification:_identify(src) by extensions ['cmake', 'python']
[0.167s] Level 1:colcon.colcon_core.package_identification:_identify(src) by extension 'cmake'
[0.167s] Level 1:colcon.colcon_core.package_identification:_identify(src) by extension 'python'
[0.168s] Level 1:colcon.colcon_core.package_identification:_identify(src) by extensions ['python_setup_py']
[0.168s] Level 1:colcon.colcon_core.package_identification:_identify(src) by extension 'python_setup_py'
[0.168s] Level 1:colcon.colcon_core.package_identification:_identify(src/ros2_ex_cpp) by extensions ['ignore', 'ignore_ament_install']
[0.168s] Level 1:colcon.colcon_core.package_identification:_identify(src/ros2_ex_cpp) by extension 'ignore'
[0.168s] Level 1:colcon.colcon_core.package_identification:_identify(src/ros2_ex_cpp) by extension 'ignore_ament_install'
[0.168s] Level 1:colcon.colcon_core.package_identification:_identify(src/ros2_ex_cpp) by extensions ['colcon_pkg']
[0.168s] Level 1:colcon.colcon_core.package_identification:_identify(src/ros2_ex_cpp) by extension 'colcon_pkg'
[0.168s] Level 1:colcon.colcon_core.package_identification:_identify(src/ros2_ex_cpp) by extensions ['colcon_meta']
[0.168s] Level 1:colcon.colcon_core.package_identification:_identify(src/ros2_ex_cpp) by extension 'colcon_meta'
[0.168s] Level 1:colcon.colcon_core.package_identification:_identify(src/ros2_ex_cpp) by extensions ['ros']
[0.168s] Level 1:colcon.colcon_core.package_identification:_identify(src/ros2_ex_cpp) by extension 'ros'
[0.170s] DEBUG:colcon.colcon_core.package_identification:Package 'src/ros2_ex_cpp' with type 'ros.ament_cmake' and name 'ros2_ex_cpp'
[0.170s] Level 1:colcon.colcon_core.package_identification:_identify(src/ros2_ex_python) by extensions ['ignore', 'ignore_ament_install']
[0.170s] Level 1:colcon.colcon_core.package_identification:_identify(src/ros2_ex_python) by extension 'ignore'
[0.170s] Level 1:colcon.colcon_core.package_identification:_identify(src/ros2_ex_python) by extension 'ignore_ament_install'
[0.170s] Level 1:colcon.colcon_core.package_identification:_identify(src/ros2_ex_python) by extensions ['colcon_pkg']
[0.170s] Level 1:colcon.colcon_core.package_identification:_identify(src/ros2_ex_python) by extension 'colcon_pkg'
[0.170s] Level 1:colcon.colcon_core.package_identification:_identify(src/ros2_ex_python) by extensions ['colcon_meta']
[0.170s] Level 1:colcon.colcon_core.package_identification:_identify(src/ros2_ex_python) by extension 'colcon_meta'
[0.171s] Level 1:colcon.colcon_core.package_identification:_identify(src/ros2_ex_python) by extensions ['ros']
[0.171s] Level 1:colcon.colcon_core.package_identification:_identify(src/ros2_ex_python) by extension 'ros'
[0.171s] DEBUG:colcon.colcon_core.package_identification:Package 'src/ros2_ex_python' with type 'ros.ament_python' and name 'ros2_ex_python'
[0.171s] Level 1:colcon.colcon_core.package_discovery:discover_packages(recursive) using defaults
[0.171s] Level 1:colcon.colcon_core.package_discovery:discover_packages(ignore) discover
[0.171s] Level 1:colcon.colcon_core.package_discovery:discover_packages(ignore) using defaults
[0.171s] Level 1:colcon.colcon_core.package_discovery:discover_packages(path) discover
[0.171s] Level 1:colcon.colcon_core.package_discovery:discover_packages(path) using defaults
[0.189s] Level 1:colcon.colcon_core.package_discovery:discover_packages(prefix_path) check parameters
[0.189s] Level 1:colcon.colcon_core.package_discovery:discover_packages(prefix_path) discover
[0.192s] DEBUG:colcon.colcon_installed_package_information.package_discovery:Found 335 installed packages in /opt/ros/jazzy
[0.194s] Level 1:colcon.colcon_core.package_discovery:discover_packages(prefix_path) using defaults
[0.242s] Level 5:colcon.colcon_core.verb:set package 'ros2_ex_cpp' build argument 'cmake_args' from command line to 'None'
[0.242s] Level 5:colcon.colcon_core.verb:set package 'ros2_ex_cpp' build argument 'cmake_target' from command line to 'None'
[0.242s] Level 5:colcon.colcon_core.verb:set package 'ros2_ex_cpp' build argument 'cmake_target_skip_unavailable' from command line to 'False'
[0.242s] Level 5:colcon.colcon_core.verb:set package 'ros2_ex_cpp' build argument 'cmake_clean_cache' from command line to 'False'
[0.242s] Level 5:colcon.colcon_core.verb:set package 'ros2_ex_cpp' build argument 'cmake_clean_first' from command line to 'False'
[0.242s] Level 5:colcon.colcon_core.verb:set package 'ros2_ex_cpp' build argument 'cmake_force_configure' from command line to 'False'
[0.242s] Level 5:colcon.colcon_core.verb:set package 'ros2_ex_cpp' build argument 'ament_cmake_args' from command line to 'None'
[0.242s] Level 5:colcon.colcon_core.verb:set package 'ros2_ex_cpp' build argument 'catkin_cmake_args' from command line to 'None'
[0.242s] Level 5:colcon.colcon_core.verb:set package 'ros2_ex_cpp' build argument 'catkin_skip_building_tests' from command line to 'False'
[0.242s] DEBUG:colcon.colcon_core.verb:Building package 'ros2_ex_cpp' with the following arguments: {'ament_cmake_args': None, 'build_base': '/Projects/ros2_workspace/ros2_starting-project/build/ros2_ex_cpp', 'catkin_cmake_args': None, 'catkin_skip_building_tests': False, 'cmake_args': None, 'cmake_clean_cache': False, 'cmake_clean_first': False, 'cmake_force_configure': False, 'cmake_target': None, 'cmake_target_skip_unavailable': False, 'install_base': '/Projects/ros2_workspace/ros2_starting-project/install/ros2_ex_cpp', 'merge_install': False, 'path': '/Projects/ros2_workspace/ros2_starting-project/src/ros2_ex_cpp', 'symlink_install': False, 'test_result_base': None}
[0.242s] Level 5:colcon.colcon_core.verb:set package 'ros2_ex_python' build argument 'cmake_args' from command line to 'None'
[0.242s] Level 5:colcon.colcon_core.verb:set package 'ros2_ex_python' build argument 'cmake_target' from command line to 'None'
[0.242s] Level 5:colcon.colcon_core.verb:set package 'ros2_ex_python' build argument 'cmake_target_skip_unavailable' from command line to 'False'
[0.242s] Level 5:colcon.colcon_core.verb:set package 'ros2_ex_python' build argument 'cmake_clean_cache' from command line to 'False'
[0.242s] Level 5:colcon.colcon_core.verb:set package 'ros2_ex_python' build argument 'cmake_clean_first' from command line to 'False'
[0.242s] Level 5:colcon.colcon_core.verb:set package 'ros2_ex_python' build argument 'cmake_force_configure' from command line to 'False'
[0.242s] Level 5:colcon.colcon_core.verb:set package 'ros2_ex_python' build argument 'ament_cmake_args' from command line to 'None'
[0.242s] Level 5:colcon.colcon_core.verb:set package 'ros2_ex_python' build argument 'catkin_cmake_args' from command line to 'None'
[0.243s] Level 5:colcon.colcon_core.verb:set package 'ros2_ex_python' build argument 'catkin_skip_building_tests' from command line to 'False'
[0.243s] DEBUG:colcon.colcon_core.verb:Building package 'ros2_ex_python' with the following arguments: {'ament_cmake_args': None, 'build_base': '/Projects/ros2_workspace/ros2_starting-project/build/ros2_ex_python', 'catkin_cmake_args': None, 'catkin_skip_building_tests': False, 'cmake_args': None, 'cmake_clean_cache': False, 'cmake_clean_first': False, 'cmake_force_configure': False, 'cmake_target': None, 'cmake_target_skip_unavailable': False, 'install_base': '/Projects/ros2_workspace/ros2_starting-project/install/ros2_ex_python', 'merge_install': False, 'path': '/Projects/ros2_workspace/ros2_starting-project/src/ros2_ex_python', 'symlink_install': False, 'test_result_base': None}
[0.243s] INFO:colcon.colcon_core.executor:Executing jobs using 'parallel' executor
[0.243s] DEBUG:colcon.colcon_parallel_executor.executor.parallel:run_until_complete
[0.243s] INFO:colcon.colcon_ros.task.ament_cmake.build:Building ROS package in '/Projects/ros2_workspace/ros2_starting-project/src/ros2_ex_cpp' with build type 'ament_cmake'
[0.244s] INFO:colcon.colcon_cmake.task.cmake.build:Building CMake package in '/Projects/ros2_workspace/ros2_starting-project/src/ros2_ex_cpp'
[0.245s] INFO:colcon.colcon_core.plugin_system:Skipping extension 'colcon_core.shell.bat': Not used on non-Windows systems
[0.246s] INFO:colcon.colcon_core.shell:Skip shell extension 'powershell' for command environment: Not usable outside of PowerShell
[0.246s] DEBUG:colcon.colcon_core.shell:Skip shell extension 'dsv' for command environment
[0.249s] INFO:colcon.colcon_ros.task.ament_python.build:Building ROS package in '/Projects/ros2_workspace/ros2_starting-project/src/ros2_ex_python' with build type 'ament_python'
[0.249s] Level 1:colcon.colcon_core.shell:create_environment_hook('ros2_ex_python', 'ament_prefix_path')
[0.249s] INFO:colcon.colcon_core.shell:Creating environment hook '/Projects/ros2_workspace/ros2_starting-project/install/ros2_ex_python/share/ros2_ex_python/hook/ament_prefix_path.ps1'
[0.250s] INFO:colcon.colcon_core.shell:Creating environment descriptor '/Projects/ros2_workspace/ros2_starting-project/install/ros2_ex_python/share/ros2_ex_python/hook/ament_prefix_path.dsv'
[0.250s] INFO:colcon.colcon_core.shell:Creating environment hook '/Projects/ros2_workspace/ros2_starting-project/install/ros2_ex_python/share/ros2_ex_python/hook/ament_prefix_path.sh'
[0.251s] INFO:colcon.colcon_core.shell:Skip shell extension 'powershell' for command environment: Not usable outside of PowerShell
[0.251s] DEBUG:colcon.colcon_core.shell:Skip shell extension 'dsv' for command environment
[0.262s] DEBUG:colcon.colcon_core.event_handler.log_command:Invoking command in '/Projects/ros2_workspace/ros2_starting-project/build/ros2_ex_cpp': CMAKE_PREFIX_PATH=${CMAKE_PREFIX_PATH}:/opt/ros/jazzy /usr/bin/cmake --build /Projects/ros2_workspace/ros2_starting-project/build/ros2_ex_cpp -- -j8 -l8
[0.514s] INFO:colcon.colcon_core.task.python.build:Building Python package in '/Projects/ros2_workspace/ros2_starting-project/src/ros2_ex_python'
[0.514s] INFO:colcon.colcon_core.shell:Skip shell extension 'powershell' for command environment: Not usable outside of PowerShell
[0.514s] DEBUG:colcon.colcon_core.shell:Skip shell extension 'dsv' for command environment
[1.181s] DEBUG:colcon.colcon_core.event_handler.log_command:Invoking command in '/Projects/ros2_workspace/ros2_starting-project/src/ros2_ex_python': PYTHONPATH=/Projects/ros2_workspace/ros2_starting-project/build/ros2_ex_python/prefix_override:/usr/lib/python3/dist-packages/colcon_core/task/python/colcon_distutils_commands:/Projects/ros2_workspace/ros2_starting-project/install/ros2_ex_python/lib/python3.12/site-packages:${PYTHONPATH} /usr/bin/python3 -W ignore:setup.py install is deprecated -W ignore:easy_install command is deprecated setup.py egg_info --egg-base ../../build/ros2_ex_python build --build-base /Projects/ros2_workspace/ros2_starting-project/build/ros2_ex_python/build install --record /Projects/ros2_workspace/ros2_starting-project/build/ros2_ex_python/install.log --single-version-externally-managed install_data
[1.811s] DEBUG:colcon.colcon_core.event_handler.log_command:Invoked command in '/Projects/ros2_workspace/ros2_starting-project/src/ros2_ex_python' returned '0': PYTHONPATH=/Projects/ros2_workspace/ros2_starting-project/build/ros2_ex_python/prefix_override:/usr/lib/python3/dist-packages/colcon_core/task/python/colcon_distutils_commands:/Projects/ros2_workspace/ros2_starting-project/install/ros2_ex_python/lib/python3.12/site-packages:${PYTHONPATH} /usr/bin/python3 -W ignore:setup.py install is deprecated -W ignore:easy_install command is deprecated setup.py egg_info --egg-base ../../build/ros2_ex_python build --build-base /Projects/ros2_workspace/ros2_starting-project/build/ros2_ex_python/build install --record /Projects/ros2_workspace/ros2_starting-project/build/ros2_ex_python/install.log --single-version-externally-managed install_data
[1.813s] Level 1:colcon.colcon_core.environment:checking '/Projects/ros2_workspace/ros2_starting-project/install/ros2_ex_python' for CMake module files
[1.814s] Level 1:colcon.colcon_core.environment:checking '/Projects/ros2_workspace/ros2_starting-project/install/ros2_ex_python' for CMake config files
[1.814s] Level 1:colcon.colcon_core.environment:checking '/Projects/ros2_workspace/ros2_starting-project/install/ros2_ex_python/lib'
[1.814s] Level 1:colcon.colcon_core.environment:checking '/Projects/ros2_workspace/ros2_starting-project/install/ros2_ex_python/bin'
[1.815s] Level 1:colcon.colcon_core.environment:checking '/Projects/ros2_workspace/ros2_starting-project/install/ros2_ex_python/lib/pkgconfig/ros2_ex_python.pc'
[1.815s] Level 1:colcon.colcon_core.environment:checking '/Projects/ros2_workspace/ros2_starting-project/install/ros2_ex_python/lib/python3.12/site-packages'
[1.815s] Level 1:colcon.colcon_core.shell:create_environment_hook('ros2_ex_python', 'pythonpath')
[1.815s] INFO:colcon.colcon_core.shell:Creating environment hook '/Projects/ros2_workspace/ros2_starting-project/install/ros2_ex_python/share/ros2_ex_python/hook/pythonpath.ps1'
[1.815s] INFO:colcon.colcon_core.shell:Creating environment descriptor '/Projects/ros2_workspace/ros2_starting-project/install/ros2_ex_python/share/ros2_ex_python/hook/pythonpath.dsv'
[1.816s] INFO:colcon.colcon_core.shell:Creating environment hook '/Projects/ros2_workspace/ros2_starting-project/install/ros2_ex_python/share/ros2_ex_python/hook/pythonpath.sh'
[1.816s] Level 1:colcon.colcon_core.environment:checking '/Projects/ros2_workspace/ros2_starting-project/install/ros2_ex_python/bin'
[1.816s] Level 1:colcon.colcon_core.environment:create_environment_scripts_only(ros2_ex_python)
[1.817s] INFO:colcon.colcon_core.shell:Creating package script '/Projects/ros2_workspace/ros2_starting-project/install/ros2_ex_python/share/ros2_ex_python/package.ps1'
[1.817s] INFO:colcon.colcon_core.shell:Creating package descriptor '/Projects/ros2_workspace/ros2_starting-project/install/ros2_ex_python/share/ros2_ex_python/package.dsv'
[1.818s] INFO:colcon.colcon_core.shell:Creating package script '/Projects/ros2_workspace/ros2_starting-project/install/ros2_ex_python/share/ros2_ex_python/package.sh'
[1.818s] INFO:colcon.colcon_core.shell:Creating package script '/Projects/ros2_workspace/ros2_starting-project/install/ros2_ex_python/share/ros2_ex_python/package.bash'
[1.819s] INFO:colcon.colcon_core.shell:Creating package script '/Projects/ros2_workspace/ros2_starting-project/install/ros2_ex_python/share/ros2_ex_python/package.zsh'
[1.820s] Level 1:colcon.colcon_core.environment:create_file_with_runtime_dependencies(/Projects/ros2_workspace/ros2_starting-project/install/ros2_ex_python/share/colcon-core/packages/ros2_ex_python)
[4.358s] DEBUG:colcon.colcon_core.event_handler.log_command:Invoked command in '/Projects/ros2_workspace/ros2_starting-project/build/ros2_ex_cpp' returned '2': CMAKE_PREFIX_PATH=${CMAKE_PREFIX_PATH}:/opt/ros/jazzy /usr/bin/cmake --build /Projects/ros2_workspace/ros2_starting-project/build/ros2_ex_cpp -- -j8 -l8
[4.358s] Level 1:colcon.colcon_core.environment:create_environment_scripts_only(ros2_ex_cpp)
[4.358s] Level 1:colcon.colcon_core.environment:checking '/Projects/ros2_workspace/ros2_starting-project/install/ros2_ex_cpp' for CMake module files
[4.359s] Level 1:colcon.colcon_core.environment:checking '/Projects/ros2_workspace/ros2_starting-project/install/ros2_ex_cpp' for CMake config files
[4.360s] Level 1:colcon.colcon_core.shell:create_environment_hook('ros2_ex_cpp', 'cmake_prefix_path')
[4.360s] INFO:colcon.colcon_core.shell:Creating environment hook '/Projects/ros2_workspace/ros2_starting-project/install/ros2_ex_cpp/share/ros2_ex_cpp/hook/cmake_prefix_path.ps1'
[4.361s] INFO:colcon.colcon_core.shell:Creating environment descriptor '/Projects/ros2_workspace/ros2_starting-project/install/ros2_ex_cpp/share/ros2_ex_cpp/hook/cmake_prefix_path.dsv'
[4.361s] INFO:colcon.colcon_core.shell:Creating environment hook '/Projects/ros2_workspace/ros2_starting-project/install/ros2_ex_cpp/share/ros2_ex_cpp/hook/cmake_prefix_path.sh'
[4.362s] Level 1:colcon.colcon_core.environment:checking '/Projects/ros2_workspace/ros2_starting-project/install/ros2_ex_cpp/bin'
[4.362s] Level 1:colcon.colcon_core.environment:checking '/Projects/ros2_workspace/ros2_starting-project/install/ros2_ex_cpp/lib/pkgconfig/ros2_ex_cpp.pc'
[4.362s] Level 1:colcon.colcon_core.environment:checking '/Projects/ros2_workspace/ros2_starting-project/install/ros2_ex_cpp/lib/python3.12/site-packages'
[4.362s] Level 1:colcon.colcon_core.environment:checking '/Projects/ros2_workspace/ros2_starting-project/install/ros2_ex_cpp/bin'
[4.363s] INFO:colcon.colcon_core.shell:Creating package script '/Projects/ros2_workspace/ros2_starting-project/install/ros2_ex_cpp/share/ros2_ex_cpp/package.ps1'
[4.364s] INFO:colcon.colcon_core.shell:Creating package descriptor '/Projects/ros2_workspace/ros2_starting-project/install/ros2_ex_cpp/share/ros2_ex_cpp/package.dsv'
[4.365s] INFO:colcon.colcon_core.shell:Creating package script '/Projects/ros2_workspace/ros2_starting-project/install/ros2_ex_cpp/share/ros2_ex_cpp/package.sh'
[4.365s] INFO:colcon.colcon_core.shell:Creating package script '/Projects/ros2_workspace/ros2_starting-project/install/ros2_ex_cpp/share/ros2_ex_cpp/package.bash'
[4.366s] INFO:colcon.colcon_core.shell:Creating package script '/Projects/ros2_workspace/ros2_starting-project/install/ros2_ex_cpp/share/ros2_ex_cpp/package.zsh'
[4.366s] Level 1:colcon.colcon_core.environment:create_file_with_runtime_dependencies(/Projects/ros2_workspace/ros2_starting-project/install/ros2_ex_cpp/share/colcon-core/packages/ros2_ex_cpp)
[4.377s] DEBUG:colcon.colcon_parallel_executor.executor.parallel:closing loop
[4.377s] DEBUG:colcon.colcon_parallel_executor.executor.parallel:loop closed
[4.377s] DEBUG:colcon.colcon_parallel_executor.executor.parallel:run_until_complete finished with '2'
[4.377s] DEBUG:colcon.colcon_core.event_reactor:joining thread
[4.384s] INFO:colcon.colcon_core.plugin_system:Skipping extension 'colcon_notification.desktop_notification.notify_send': Could not find 'notify-send'
[4.384s] INFO:colcon.colcon_core.plugin_system:Skipping extension 'colcon_notification.desktop_notification.terminal_notifier': Not used on non-Darwin systems
[4.384s] INFO:colcon.colcon_core.plugin_system:Skipping extension 'colcon_notification.desktop_notification.win32': Not used on non-Windows systems
[4.384s] INFO:colcon.colcon_notification.desktop_notification:Sending desktop notification using 'notify2'
[4.391s] DEBUG:colcon.colcon_notification.desktop_notification.notify2:Failed to initialize notify2: org.freedesktop.DBus.Error.Spawn.ExecFailed: /usr/bin/dbus-launch terminated abnormally with the following error: Authorization required, but no authorization protocol specified

Autolaunch error: X11 initialization failed.

[4.391s] DEBUG:colcon.colcon_core.event_reactor:joined thread
[4.392s] INFO:colcon.colcon_core.shell:Creating prefix script '/Projects/ros2_workspace/ros2_starting-project/install/local_setup.ps1'
[4.393s] INFO:colcon.colcon_core.shell:Creating prefix util module '/Projects/ros2_workspace/ros2_starting-project/install/_local_setup_util_ps1.py'
[4.394s] INFO:colcon.colcon_core.shell:Creating prefix chain script '/Projects/ros2_workspace/ros2_starting-project/install/setup.ps1'
[4.395s] INFO:colcon.colcon_core.shell:Creating prefix script '/Projects/ros2_workspace/ros2_starting-project/install/local_setup.sh'
[4.395s] INFO:colcon.colcon_core.shell:Creating prefix util module '/Projects/ros2_workspace/ros2_starting-project/install/_local_setup_util_sh.py'
[4.396s] INFO:colcon.colcon_core.shell:Creating prefix chain script '/Projects/ros2_workspace/ros2_starting-project/install/setup.sh'
[4.398s] INFO:colcon.colcon_core.shell:Creating prefix script '/Projects/ros2_workspace/ros2_starting-project/install/local_setup.bash'
[4.398s] INFO:colcon.colcon_core.shell:Creating prefix chain script '/Projects/ros2_workspace/ros2_starting-project/install/setup.bash'
[4.399s] INFO:colcon.colcon_core.shell:Creating prefix script '/Projects/ros2_workspace/ros2_starting-project/install/local_setup.zsh'
[4.400s] INFO:colcon.colcon_core.shell:Creating prefix chain script '/Projects/ros2_workspace/ros2_starting-project/install/setup.zsh'
