[0.327s] DEBUG:colcon:Command line arguments: ['/usr/bin/colcon', 'build']
[0.327s] DEBUG:colcon:Parsed command line arguments: Namespace(log_base=None, log_level=None, verb_name='build', build_base='build', install_base='install', merge_install=False, symlink_install=False, test_result_base=None, continue_on_error=False, executor='parallel', parallel_workers=8, event_handlers=None, ignore_user_meta=False, metas=['./colcon.meta'], base_paths=['.'], packages_ignore=None, packages_ignore_regex=None, paths=None, packages_up_to=None, packages_up_to_regex=None, packages_above=None, packages_above_and_dependencies=None, packages_above_depth=None, packages_select_by_dep=None, packages_skip_by_dep=None, packages_skip_up_to=None, packages_select_build_failed=False, packages_skip_build_finished=False, packages_select_test_failures=False, packages_skip_test_passed=False, packages_select=None, packages_skip=None, packages_select_regex=None, packages_skip_regex=None, packages_start=None, packages_end=None, allow_overriding=[], cmake_args=None, cmake_target=None, cmake_target_skip_unavailable=False, cmake_clean_cache=False, cmake_clean_first=False, cmake_force_configure=False, ament_cmake_args=None, catkin_cmake_args=None, catkin_skip_building_tests=False, mixin_files=None, mixin=None, verb_parser=<colcon_mixin.mixin.mixin_argument.MixinArgumentDecorator object at 0x7df85305e8d0>, verb_extension=<colcon_core.verb.build.BuildVerb object at 0x7df85305deb0>, main=<bound method BuildVerb.main of <colcon_core.verb.build.BuildVerb object at 0x7df85305deb0>>, mixin_verb=('build',))
[0.410s] Level 1:colcon.colcon_core.package_discovery:discover_packages(colcon_meta) check parameters
[0.410s] Level 1:colcon.colcon_core.package_discovery:discover_packages(recursive) check parameters
[0.410s] Level 1:colcon.colcon_core.package_discovery:discover_packages(ignore) check parameters
[0.410s] Level 1:colcon.colcon_core.package_discovery:discover_packages(path) check parameters
[0.410s] Level 1:colcon.colcon_core.package_discovery:discover_packages(colcon_meta) discover
[0.410s] Level 1:colcon.colcon_core.package_discovery:discover_packages(recursive) discover
[0.410s] INFO:colcon.colcon_core.package_discovery:Crawling recursively for packages in '/Projects/ros2_workspace/ros2_starting-project'
[0.411s] Level 1:colcon.colcon_core.package_identification:_identify(.) by extensions ['ignore', 'ignore_ament_install']
[0.411s] Level 1:colcon.colcon_core.package_identification:_identify(.) by extension 'ignore'
[0.411s] Level 1:colcon.colcon_core.package_identification:_identify(.) by extension 'ignore_ament_install'
[0.411s] Level 1:colcon.colcon_core.package_identification:_identify(.) by extensions ['colcon_pkg']
[0.411s] Level 1:colcon.colcon_core.package_identification:_identify(.) by extension 'colcon_pkg'
[0.411s] Level 1:colcon.colcon_core.package_identification:_identify(.) by extensions ['colcon_meta']
[0.411s] Level 1:colcon.colcon_core.package_identification:_identify(.) by extension 'colcon_meta'
[0.411s] Level 1:colcon.colcon_core.package_identification:_identify(.) by extensions ['ros']
[0.411s] Level 1:colcon.colcon_core.package_identification:_identify(.) by extension 'ros'
[0.453s] Level 1:colcon.colcon_core.package_identification:_identify(.) by extensions ['cmake', 'python']
[0.453s] Level 1:colcon.colcon_core.package_identification:_identify(.) by extension 'cmake'
[0.453s] Level 1:colcon.colcon_core.package_identification:_identify(.) by extension 'python'
[0.453s] Level 1:colcon.colcon_core.package_identification:_identify(.) by extensions ['python_setup_py']
[0.454s] Level 1:colcon.colcon_core.package_identification:_identify(.) by extension 'python_setup_py'
[0.454s] Level 1:colcon.colcon_core.package_identification:_identify(build) by extensions ['ignore', 'ignore_ament_install']
[0.454s] Level 1:colcon.colcon_core.package_identification:_identify(build) by extension 'ignore'
[0.454s] Level 1:colcon.colcon_core.package_identification:_identify(build) ignored
[0.454s] Level 1:colcon.colcon_core.package_identification:_identify(install) by extensions ['ignore', 'ignore_ament_install']
[0.454s] Level 1:colcon.colcon_core.package_identification:_identify(install) by extension 'ignore'
[0.454s] Level 1:colcon.colcon_core.package_identification:_identify(install) ignored
[0.454s] Level 1:colcon.colcon_core.package_identification:_identify(log) by extensions ['ignore', 'ignore_ament_install']
[0.454s] Level 1:colcon.colcon_core.package_identification:_identify(log) by extension 'ignore'
[0.454s] Level 1:colcon.colcon_core.package_identification:_identify(log) ignored
[0.454s] Level 1:colcon.colcon_core.package_identification:_identify(src) by extensions ['ignore', 'ignore_ament_install']
[0.454s] Level 1:colcon.colcon_core.package_identification:_identify(src) by extension 'ignore'
[0.454s] Level 1:colcon.colcon_core.package_identification:_identify(src) by extension 'ignore_ament_install'
[0.455s] Level 1:colcon.colcon_core.package_identification:_identify(src) by extensions ['colcon_pkg']
[0.455s] Level 1:colcon.colcon_core.package_identification:_identify(src) by extension 'colcon_pkg'
[0.455s] Level 1:colcon.colcon_core.package_identification:_identify(src) by extensions ['colcon_meta']
[0.455s] Level 1:colcon.colcon_core.package_identification:_identify(src) by extension 'colcon_meta'
[0.455s] Level 1:colcon.colcon_core.package_identification:_identify(src) by extensions ['ros']
[0.455s] Level 1:colcon.colcon_core.package_identification:_identify(src) by extension 'ros'
[0.455s] Level 1:colcon.colcon_core.package_identification:_identify(src) by extensions ['cmake', 'python']
[0.455s] Level 1:colcon.colcon_core.package_identification:_identify(src) by extension 'cmake'
[0.455s] Level 1:colcon.colcon_core.package_identification:_identify(src) by extension 'python'
[0.455s] Level 1:colcon.colcon_core.package_identification:_identify(src) by extensions ['python_setup_py']
[0.455s] Level 1:colcon.colcon_core.package_identification:_identify(src) by extension 'python_setup_py'
[0.455s] Level 1:colcon.colcon_core.package_identification:_identify(src/robot_description) by extensions ['ignore', 'ignore_ament_install']
[0.455s] Level 1:colcon.colcon_core.package_identification:_identify(src/robot_description) by extension 'ignore'
[0.455s] Level 1:colcon.colcon_core.package_identification:_identify(src/robot_description) by extension 'ignore_ament_install'
[0.455s] Level 1:colcon.colcon_core.package_identification:_identify(src/robot_description) by extensions ['colcon_pkg']
[0.455s] Level 1:colcon.colcon_core.package_identification:_identify(src/robot_description) by extension 'colcon_pkg'
[0.455s] Level 1:colcon.colcon_core.package_identification:_identify(src/robot_description) by extensions ['colcon_meta']
[0.455s] Level 1:colcon.colcon_core.package_identification:_identify(src/robot_description) by extension 'colcon_meta'
[0.455s] Level 1:colcon.colcon_core.package_identification:_identify(src/robot_description) by extensions ['ros']
[0.455s] Level 1:colcon.colcon_core.package_identification:_identify(src/robot_description) by extension 'ros'
[0.458s] DEBUG:colcon.colcon_core.package_identification:Package 'src/robot_description' with type 'ros.ament_cmake' and name 'robot_description'
[0.458s] Level 1:colcon.colcon_core.package_identification:_identify(src/ros2_ex_cpp) by extensions ['ignore', 'ignore_ament_install']
[0.458s] Level 1:colcon.colcon_core.package_identification:_identify(src/ros2_ex_cpp) by extension 'ignore'
[0.458s] Level 1:colcon.colcon_core.package_identification:_identify(src/ros2_ex_cpp) by extension 'ignore_ament_install'
[0.459s] Level 1:colcon.colcon_core.package_identification:_identify(src/ros2_ex_cpp) by extensions ['colcon_pkg']
[0.459s] Level 1:colcon.colcon_core.package_identification:_identify(src/ros2_ex_cpp) by extension 'colcon_pkg'
[0.459s] Level 1:colcon.colcon_core.package_identification:_identify(src/ros2_ex_cpp) by extensions ['colcon_meta']
[0.459s] Level 1:colcon.colcon_core.package_identification:_identify(src/ros2_ex_cpp) by extension 'colcon_meta'
[0.459s] Level 1:colcon.colcon_core.package_identification:_identify(src/ros2_ex_cpp) by extensions ['ros']
[0.459s] Level 1:colcon.colcon_core.package_identification:_identify(src/ros2_ex_cpp) by extension 'ros'
[0.459s] DEBUG:colcon.colcon_core.package_identification:Package 'src/ros2_ex_cpp' with type 'ros.ament_cmake' and name 'ros2_ex_cpp'
[0.460s] Level 1:colcon.colcon_core.package_identification:_identify(src/ros2_ex_python) by extensions ['ignore', 'ignore_ament_install']
[0.460s] Level 1:colcon.colcon_core.package_identification:_identify(src/ros2_ex_python) by extension 'ignore'
[0.460s] Level 1:colcon.colcon_core.package_identification:_identify(src/ros2_ex_python) by extension 'ignore_ament_install'
[0.460s] Level 1:colcon.colcon_core.package_identification:_identify(src/ros2_ex_python) by extensions ['colcon_pkg']
[0.460s] Level 1:colcon.colcon_core.package_identification:_identify(src/ros2_ex_python) by extension 'colcon_pkg'
[0.460s] Level 1:colcon.colcon_core.package_identification:_identify(src/ros2_ex_python) by extensions ['colcon_meta']
[0.460s] Level 1:colcon.colcon_core.package_identification:_identify(src/ros2_ex_python) by extension 'colcon_meta'
[0.460s] Level 1:colcon.colcon_core.package_identification:_identify(src/ros2_ex_python) by extensions ['ros']
[0.460s] Level 1:colcon.colcon_core.package_identification:_identify(src/ros2_ex_python) by extension 'ros'
[0.461s] DEBUG:colcon.colcon_core.package_identification:Package 'src/ros2_ex_python' with type 'ros.ament_python' and name 'ros2_ex_python'
[0.461s] Level 1:colcon.colcon_core.package_discovery:discover_packages(recursive) using defaults
[0.461s] Level 1:colcon.colcon_core.package_discovery:discover_packages(ignore) discover
[0.461s] Level 1:colcon.colcon_core.package_discovery:discover_packages(ignore) using defaults
[0.461s] Level 1:colcon.colcon_core.package_discovery:discover_packages(path) discover
[0.461s] Level 1:colcon.colcon_core.package_discovery:discover_packages(path) using defaults
[0.487s] Level 1:colcon.colcon_core.package_discovery:discover_packages(prefix_path) check parameters
[0.487s] Level 1:colcon.colcon_core.package_discovery:discover_packages(prefix_path) discover
[0.496s] DEBUG:colcon.colcon_installed_package_information.package_discovery:Found 335 installed packages in /opt/ros/jazzy
[0.498s] Level 1:colcon.colcon_core.package_discovery:discover_packages(prefix_path) using defaults
[0.600s] Level 5:colcon.colcon_core.verb:set package 'robot_description' build argument 'cmake_args' from command line to 'None'
[0.600s] Level 5:colcon.colcon_core.verb:set package 'robot_description' build argument 'cmake_target' from command line to 'None'
[0.600s] Level 5:colcon.colcon_core.verb:set package 'robot_description' build argument 'cmake_target_skip_unavailable' from command line to 'False'
[0.600s] Level 5:colcon.colcon_core.verb:set package 'robot_description' build argument 'cmake_clean_cache' from command line to 'False'
[0.600s] Level 5:colcon.colcon_core.verb:set package 'robot_description' build argument 'cmake_clean_first' from command line to 'False'
[0.600s] Level 5:colcon.colcon_core.verb:set package 'robot_description' build argument 'cmake_force_configure' from command line to 'False'
[0.600s] Level 5:colcon.colcon_core.verb:set package 'robot_description' build argument 'ament_cmake_args' from command line to 'None'
[0.600s] Level 5:colcon.colcon_core.verb:set package 'robot_description' build argument 'catkin_cmake_args' from command line to 'None'
[0.600s] Level 5:colcon.colcon_core.verb:set package 'robot_description' build argument 'catkin_skip_building_tests' from command line to 'False'
[0.601s] DEBUG:colcon.colcon_core.verb:Building package 'robot_description' with the following arguments: {'ament_cmake_args': None, 'build_base': '/Projects/ros2_workspace/ros2_starting-project/build/robot_description', 'catkin_cmake_args': None, 'catkin_skip_building_tests': False, 'cmake_args': None, 'cmake_clean_cache': False, 'cmake_clean_first': False, 'cmake_force_configure': False, 'cmake_target': None, 'cmake_target_skip_unavailable': False, 'install_base': '/Projects/ros2_workspace/ros2_starting-project/install/robot_description', 'merge_install': False, 'path': '/Projects/ros2_workspace/ros2_starting-project/src/robot_description', 'symlink_install': False, 'test_result_base': None}
[0.601s] Level 5:colcon.colcon_core.verb:set package 'ros2_ex_cpp' build argument 'cmake_args' from command line to 'None'
[0.601s] Level 5:colcon.colcon_core.verb:set package 'ros2_ex_cpp' build argument 'cmake_target' from command line to 'None'
[0.601s] Level 5:colcon.colcon_core.verb:set package 'ros2_ex_cpp' build argument 'cmake_target_skip_unavailable' from command line to 'False'
[0.601s] Level 5:colcon.colcon_core.verb:set package 'ros2_ex_cpp' build argument 'cmake_clean_cache' from command line to 'False'
[0.601s] Level 5:colcon.colcon_core.verb:set package 'ros2_ex_cpp' build argument 'cmake_clean_first' from command line to 'False'
[0.601s] Level 5:colcon.colcon_core.verb:set package 'ros2_ex_cpp' build argument 'cmake_force_configure' from command line to 'False'
[0.601s] Level 5:colcon.colcon_core.verb:set package 'ros2_ex_cpp' build argument 'ament_cmake_args' from command line to 'None'
[0.601s] Level 5:colcon.colcon_core.verb:set package 'ros2_ex_cpp' build argument 'catkin_cmake_args' from command line to 'None'
[0.601s] Level 5:colcon.colcon_core.verb:set package 'ros2_ex_cpp' build argument 'catkin_skip_building_tests' from command line to 'False'
[0.601s] DEBUG:colcon.colcon_core.verb:Building package 'ros2_ex_cpp' with the following arguments: {'ament_cmake_args': None, 'build_base': '/Projects/ros2_workspace/ros2_starting-project/build/ros2_ex_cpp', 'catkin_cmake_args': None, 'catkin_skip_building_tests': False, 'cmake_args': None, 'cmake_clean_cache': False, 'cmake_clean_first': False, 'cmake_force_configure': False, 'cmake_target': None, 'cmake_target_skip_unavailable': False, 'install_base': '/Projects/ros2_workspace/ros2_starting-project/install/ros2_ex_cpp', 'merge_install': False, 'path': '/Projects/ros2_workspace/ros2_starting-project/src/ros2_ex_cpp', 'symlink_install': False, 'test_result_base': None}
[0.601s] Level 5:colcon.colcon_core.verb:set package 'ros2_ex_python' build argument 'cmake_args' from command line to 'None'
[0.602s] Level 5:colcon.colcon_core.verb:set package 'ros2_ex_python' build argument 'cmake_target' from command line to 'None'
[0.602s] Level 5:colcon.colcon_core.verb:set package 'ros2_ex_python' build argument 'cmake_target_skip_unavailable' from command line to 'False'
[0.602s] Level 5:colcon.colcon_core.verb:set package 'ros2_ex_python' build argument 'cmake_clean_cache' from command line to 'False'
[0.602s] Level 5:colcon.colcon_core.verb:set package 'ros2_ex_python' build argument 'cmake_clean_first' from command line to 'False'
[0.602s] Level 5:colcon.colcon_core.verb:set package 'ros2_ex_python' build argument 'cmake_force_configure' from command line to 'False'
[0.602s] Level 5:colcon.colcon_core.verb:set package 'ros2_ex_python' build argument 'ament_cmake_args' from command line to 'None'
[0.602s] Level 5:colcon.colcon_core.verb:set package 'ros2_ex_python' build argument 'catkin_cmake_args' from command line to 'None'
[0.602s] Level 5:colcon.colcon_core.verb:set package 'ros2_ex_python' build argument 'catkin_skip_building_tests' from command line to 'False'
[0.602s] DEBUG:colcon.colcon_core.verb:Building package 'ros2_ex_python' with the following arguments: {'ament_cmake_args': None, 'build_base': '/Projects/ros2_workspace/ros2_starting-project/build/ros2_ex_python', 'catkin_cmake_args': None, 'catkin_skip_building_tests': False, 'cmake_args': None, 'cmake_clean_cache': False, 'cmake_clean_first': False, 'cmake_force_configure': False, 'cmake_target': None, 'cmake_target_skip_unavailable': False, 'install_base': '/Projects/ros2_workspace/ros2_starting-project/install/ros2_ex_python', 'merge_install': False, 'path': '/Projects/ros2_workspace/ros2_starting-project/src/ros2_ex_python', 'symlink_install': False, 'test_result_base': None}
[0.602s] INFO:colcon.colcon_core.executor:Executing jobs using 'parallel' executor
[0.603s] DEBUG:colcon.colcon_parallel_executor.executor.parallel:run_until_complete
[0.603s] INFO:colcon.colcon_ros.task.ament_cmake.build:Building ROS package in '/Projects/ros2_workspace/ros2_starting-project/src/robot_description' with build type 'ament_cmake'
[0.604s] INFO:colcon.colcon_cmake.task.cmake.build:Building CMake package in '/Projects/ros2_workspace/ros2_starting-project/src/robot_description'
[0.613s] INFO:colcon.colcon_core.plugin_system:Skipping extension 'colcon_core.shell.bat': Not used on non-Windows systems
[0.614s] INFO:colcon.colcon_core.shell:Skip shell extension 'powershell' for command environment: Not usable outside of PowerShell
[0.614s] DEBUG:colcon.colcon_core.shell:Skip shell extension 'dsv' for command environment
[0.621s] INFO:colcon.colcon_ros.task.ament_cmake.build:Building ROS package in '/Projects/ros2_workspace/ros2_starting-project/src/ros2_ex_cpp' with build type 'ament_cmake'
[0.621s] INFO:colcon.colcon_cmake.task.cmake.build:Building CMake package in '/Projects/ros2_workspace/ros2_starting-project/src/ros2_ex_cpp'
[0.621s] INFO:colcon.colcon_core.shell:Skip shell extension 'powershell' for command environment: Not usable outside of PowerShell
[0.622s] DEBUG:colcon.colcon_core.shell:Skip shell extension 'dsv' for command environment
[0.625s] INFO:colcon.colcon_ros.task.ament_python.build:Building ROS package in '/Projects/ros2_workspace/ros2_starting-project/src/ros2_ex_python' with build type 'ament_python'
[0.626s] Level 1:colcon.colcon_core.shell:create_environment_hook('ros2_ex_python', 'ament_prefix_path')
[0.626s] INFO:colcon.colcon_core.shell:Creating environment hook '/Projects/ros2_workspace/ros2_starting-project/install/ros2_ex_python/share/ros2_ex_python/hook/ament_prefix_path.ps1'
[0.627s] INFO:colcon.colcon_core.shell:Creating environment descriptor '/Projects/ros2_workspace/ros2_starting-project/install/ros2_ex_python/share/ros2_ex_python/hook/ament_prefix_path.dsv'
[0.628s] INFO:colcon.colcon_core.shell:Creating environment hook '/Projects/ros2_workspace/ros2_starting-project/install/ros2_ex_python/share/ros2_ex_python/hook/ament_prefix_path.sh'
[0.629s] INFO:colcon.colcon_core.shell:Skip shell extension 'powershell' for command environment: Not usable outside of PowerShell
[0.629s] DEBUG:colcon.colcon_core.shell:Skip shell extension 'dsv' for command environment
[0.637s] DEBUG:colcon.colcon_core.event_handler.log_command:Invoking command in '/Projects/ros2_workspace/ros2_starting-project/build/robot_description': CMAKE_PREFIX_PATH=${CMAKE_PREFIX_PATH}:/opt/ros/jazzy /usr/bin/cmake --build /Projects/ros2_workspace/ros2_starting-project/build/robot_description -- -j8 -l8
[0.646s] DEBUG:colcon.colcon_core.event_handler.log_command:Invoking command in '/Projects/ros2_workspace/ros2_starting-project/build/ros2_ex_cpp': CMAKE_PREFIX_PATH=${CMAKE_PREFIX_PATH}:/opt/ros/jazzy /usr/bin/cmake --build /Projects/ros2_workspace/ros2_starting-project/build/ros2_ex_cpp -- -j8 -l8
[0.961s] INFO:colcon.colcon_core.task.python.build:Building Python package in '/Projects/ros2_workspace/ros2_starting-project/src/ros2_ex_python'
[0.962s] INFO:colcon.colcon_core.shell:Skip shell extension 'powershell' for command environment: Not usable outside of PowerShell
[0.962s] DEBUG:colcon.colcon_core.shell:Skip shell extension 'dsv' for command environment
[0.969s] DEBUG:colcon.colcon_core.event_handler.log_command:Invoked command in '/Projects/ros2_workspace/ros2_starting-project/build/ros2_ex_cpp' returned '0': CMAKE_PREFIX_PATH=${CMAKE_PREFIX_PATH}:/opt/ros/jazzy /usr/bin/cmake --build /Projects/ros2_workspace/ros2_starting-project/build/ros2_ex_cpp -- -j8 -l8
[0.988s] DEBUG:colcon.colcon_core.event_handler.log_command:Invoking command in '/Projects/ros2_workspace/ros2_starting-project/build/ros2_ex_cpp': CMAKE_PREFIX_PATH=${CMAKE_PREFIX_PATH}:/opt/ros/jazzy /usr/bin/cmake --install /Projects/ros2_workspace/ros2_starting-project/build/ros2_ex_cpp
[1.005s] Level 1:colcon.colcon_core.environment:create_environment_scripts_only(ros2_ex_cpp)
[1.006s] DEBUG:colcon.colcon_core.event_handler.log_command:Invoked command in '/Projects/ros2_workspace/ros2_starting-project/build/ros2_ex_cpp' returned '0': CMAKE_PREFIX_PATH=${CMAKE_PREFIX_PATH}:/opt/ros/jazzy /usr/bin/cmake --install /Projects/ros2_workspace/ros2_starting-project/build/ros2_ex_cpp
[1.019s] Level 1:colcon.colcon_core.environment:checking '/Projects/ros2_workspace/ros2_starting-project/install/ros2_ex_cpp' for CMake module files
[1.021s] Level 1:colcon.colcon_core.environment:checking '/Projects/ros2_workspace/ros2_starting-project/install/ros2_ex_cpp' for CMake config files
[1.021s] Level 1:colcon.colcon_core.shell:create_environment_hook('ros2_ex_cpp', 'cmake_prefix_path')
[1.021s] INFO:colcon.colcon_core.shell:Creating environment hook '/Projects/ros2_workspace/ros2_starting-project/install/ros2_ex_cpp/share/ros2_ex_cpp/hook/cmake_prefix_path.ps1'
[1.028s] INFO:colcon.colcon_core.shell:Creating environment descriptor '/Projects/ros2_workspace/ros2_starting-project/install/ros2_ex_cpp/share/ros2_ex_cpp/hook/cmake_prefix_path.dsv'
[1.029s] INFO:colcon.colcon_core.shell:Creating environment hook '/Projects/ros2_workspace/ros2_starting-project/install/ros2_ex_cpp/share/ros2_ex_cpp/hook/cmake_prefix_path.sh'
[1.031s] Level 1:colcon.colcon_core.environment:checking '/Projects/ros2_workspace/ros2_starting-project/install/ros2_ex_cpp/lib'
[1.031s] Level 1:colcon.colcon_core.environment:checking '/Projects/ros2_workspace/ros2_starting-project/install/ros2_ex_cpp/bin'
[1.031s] Level 1:colcon.colcon_core.environment:checking '/Projects/ros2_workspace/ros2_starting-project/install/ros2_ex_cpp/lib/pkgconfig/ros2_ex_cpp.pc'
[1.032s] Level 1:colcon.colcon_core.environment:checking '/Projects/ros2_workspace/ros2_starting-project/install/ros2_ex_cpp/lib/python3.12/site-packages'
[1.032s] Level 1:colcon.colcon_core.environment:checking '/Projects/ros2_workspace/ros2_starting-project/install/ros2_ex_cpp/bin'
[1.032s] INFO:colcon.colcon_core.shell:Creating package script '/Projects/ros2_workspace/ros2_starting-project/install/ros2_ex_cpp/share/ros2_ex_cpp/package.ps1'
[1.034s] INFO:colcon.colcon_core.shell:Creating package descriptor '/Projects/ros2_workspace/ros2_starting-project/install/ros2_ex_cpp/share/ros2_ex_cpp/package.dsv'
[1.035s] INFO:colcon.colcon_core.shell:Creating package script '/Projects/ros2_workspace/ros2_starting-project/install/ros2_ex_cpp/share/ros2_ex_cpp/package.sh'
[1.036s] INFO:colcon.colcon_core.shell:Creating package script '/Projects/ros2_workspace/ros2_starting-project/install/ros2_ex_cpp/share/ros2_ex_cpp/package.bash'
[1.037s] INFO:colcon.colcon_core.shell:Creating package script '/Projects/ros2_workspace/ros2_starting-project/install/ros2_ex_cpp/share/ros2_ex_cpp/package.zsh'
[1.038s] Level 1:colcon.colcon_core.environment:create_file_with_runtime_dependencies(/Projects/ros2_workspace/ros2_starting-project/install/ros2_ex_cpp/share/colcon-core/packages/ros2_ex_cpp)
[1.039s] Level 1:colcon.colcon_core.environment:create_environment_scripts_only(ros2_ex_cpp)
[1.039s] Level 1:colcon.colcon_core.environment:checking '/Projects/ros2_workspace/ros2_starting-project/install/ros2_ex_cpp' for CMake module files
[1.040s] Level 1:colcon.colcon_core.environment:checking '/Projects/ros2_workspace/ros2_starting-project/install/ros2_ex_cpp' for CMake config files
[1.040s] Level 1:colcon.colcon_core.shell:create_environment_hook('ros2_ex_cpp', 'cmake_prefix_path')
[1.041s] INFO:colcon.colcon_core.shell:Creating environment hook '/Projects/ros2_workspace/ros2_starting-project/install/ros2_ex_cpp/share/ros2_ex_cpp/hook/cmake_prefix_path.ps1'
[1.041s] INFO:colcon.colcon_core.shell:Creating environment descriptor '/Projects/ros2_workspace/ros2_starting-project/install/ros2_ex_cpp/share/ros2_ex_cpp/hook/cmake_prefix_path.dsv'
[1.042s] INFO:colcon.colcon_core.shell:Creating environment hook '/Projects/ros2_workspace/ros2_starting-project/install/ros2_ex_cpp/share/ros2_ex_cpp/hook/cmake_prefix_path.sh'
[1.042s] Level 1:colcon.colcon_core.environment:checking '/Projects/ros2_workspace/ros2_starting-project/install/ros2_ex_cpp/lib'
[1.042s] Level 1:colcon.colcon_core.environment:checking '/Projects/ros2_workspace/ros2_starting-project/install/ros2_ex_cpp/bin'
[1.043s] Level 1:colcon.colcon_core.environment:checking '/Projects/ros2_workspace/ros2_starting-project/install/ros2_ex_cpp/lib/pkgconfig/ros2_ex_cpp.pc'
[1.043s] Level 1:colcon.colcon_core.environment:checking '/Projects/ros2_workspace/ros2_starting-project/install/ros2_ex_cpp/lib/python3.12/site-packages'
[1.043s] Level 1:colcon.colcon_core.environment:checking '/Projects/ros2_workspace/ros2_starting-project/install/ros2_ex_cpp/bin'
[1.044s] INFO:colcon.colcon_core.shell:Creating package script '/Projects/ros2_workspace/ros2_starting-project/install/ros2_ex_cpp/share/ros2_ex_cpp/package.ps1'
[1.044s] INFO:colcon.colcon_core.shell:Creating package descriptor '/Projects/ros2_workspace/ros2_starting-project/install/ros2_ex_cpp/share/ros2_ex_cpp/package.dsv'
[1.045s] INFO:colcon.colcon_core.shell:Creating package script '/Projects/ros2_workspace/ros2_starting-project/install/ros2_ex_cpp/share/ros2_ex_cpp/package.sh'
[1.045s] INFO:colcon.colcon_core.shell:Creating package script '/Projects/ros2_workspace/ros2_starting-project/install/ros2_ex_cpp/share/ros2_ex_cpp/package.bash'
[1.046s] INFO:colcon.colcon_core.shell:Creating package script '/Projects/ros2_workspace/ros2_starting-project/install/ros2_ex_cpp/share/ros2_ex_cpp/package.zsh'
[1.046s] Level 1:colcon.colcon_core.environment:create_file_with_runtime_dependencies(/Projects/ros2_workspace/ros2_starting-project/install/ros2_ex_cpp/share/colcon-core/packages/ros2_ex_cpp)
[1.195s] DEBUG:colcon.colcon_core.event_handler.log_command:Invoked command in '/Projects/ros2_workspace/ros2_starting-project/build/robot_description' returned '0': CMAKE_PREFIX_PATH=${CMAKE_PREFIX_PATH}:/opt/ros/jazzy /usr/bin/cmake --build /Projects/ros2_workspace/ros2_starting-project/build/robot_description -- -j8 -l8
[1.197s] DEBUG:colcon.colcon_core.event_handler.log_command:Invoking command in '/Projects/ros2_workspace/ros2_starting-project/build/robot_description': CMAKE_PREFIX_PATH=${CMAKE_PREFIX_PATH}:/opt/ros/jazzy /usr/bin/cmake --install /Projects/ros2_workspace/ros2_starting-project/build/robot_description
[1.218s] Level 1:colcon.colcon_core.environment:create_environment_scripts_only(robot_description)
[1.218s] Level 1:colcon.colcon_core.environment:checking '/Projects/ros2_workspace/ros2_starting-project/install/robot_description' for CMake module files
[1.219s] DEBUG:colcon.colcon_core.event_handler.log_command:Invoked command in '/Projects/ros2_workspace/ros2_starting-project/build/robot_description' returned '0': CMAKE_PREFIX_PATH=${CMAKE_PREFIX_PATH}:/opt/ros/jazzy /usr/bin/cmake --install /Projects/ros2_workspace/ros2_starting-project/build/robot_description
[1.219s] Level 1:colcon.colcon_core.environment:checking '/Projects/ros2_workspace/ros2_starting-project/install/robot_description' for CMake config files
[1.219s] Level 1:colcon.colcon_core.shell:create_environment_hook('robot_description', 'cmake_prefix_path')
[1.220s] INFO:colcon.colcon_core.shell:Creating environment hook '/Projects/ros2_workspace/ros2_starting-project/install/robot_description/share/robot_description/hook/cmake_prefix_path.ps1'
[1.220s] INFO:colcon.colcon_core.shell:Creating environment descriptor '/Projects/ros2_workspace/ros2_starting-project/install/robot_description/share/robot_description/hook/cmake_prefix_path.dsv'
[1.220s] INFO:colcon.colcon_core.shell:Creating environment hook '/Projects/ros2_workspace/ros2_starting-project/install/robot_description/share/robot_description/hook/cmake_prefix_path.sh'
[1.221s] Level 1:colcon.colcon_core.environment:checking '/Projects/ros2_workspace/ros2_starting-project/install/robot_description/bin'
[1.221s] Level 1:colcon.colcon_core.environment:checking '/Projects/ros2_workspace/ros2_starting-project/install/robot_description/lib/pkgconfig/robot_description.pc'
[1.221s] Level 1:colcon.colcon_core.environment:checking '/Projects/ros2_workspace/ros2_starting-project/install/robot_description/lib/python3.12/site-packages'
[1.221s] Level 1:colcon.colcon_core.environment:checking '/Projects/ros2_workspace/ros2_starting-project/install/robot_description/bin'
[1.221s] INFO:colcon.colcon_core.shell:Creating package script '/Projects/ros2_workspace/ros2_starting-project/install/robot_description/share/robot_description/package.ps1'
[1.222s] INFO:colcon.colcon_core.shell:Creating package descriptor '/Projects/ros2_workspace/ros2_starting-project/install/robot_description/share/robot_description/package.dsv'
[1.222s] INFO:colcon.colcon_core.shell:Creating package script '/Projects/ros2_workspace/ros2_starting-project/install/robot_description/share/robot_description/package.sh'
[1.223s] INFO:colcon.colcon_core.shell:Creating package script '/Projects/ros2_workspace/ros2_starting-project/install/robot_description/share/robot_description/package.bash'
[1.223s] INFO:colcon.colcon_core.shell:Creating package script '/Projects/ros2_workspace/ros2_starting-project/install/robot_description/share/robot_description/package.zsh'
[1.223s] Level 1:colcon.colcon_core.environment:create_file_with_runtime_dependencies(/Projects/ros2_workspace/ros2_starting-project/install/robot_description/share/colcon-core/packages/robot_description)
[1.224s] Level 1:colcon.colcon_core.environment:create_environment_scripts_only(robot_description)
[1.224s] Level 1:colcon.colcon_core.environment:checking '/Projects/ros2_workspace/ros2_starting-project/install/robot_description' for CMake module files
[1.224s] Level 1:colcon.colcon_core.environment:checking '/Projects/ros2_workspace/ros2_starting-project/install/robot_description' for CMake config files
[1.225s] Level 1:colcon.colcon_core.shell:create_environment_hook('robot_description', 'cmake_prefix_path')
[1.225s] INFO:colcon.colcon_core.shell:Creating environment hook '/Projects/ros2_workspace/ros2_starting-project/install/robot_description/share/robot_description/hook/cmake_prefix_path.ps1'
[1.225s] INFO:colcon.colcon_core.shell:Creating environment descriptor '/Projects/ros2_workspace/ros2_starting-project/install/robot_description/share/robot_description/hook/cmake_prefix_path.dsv'
[1.225s] INFO:colcon.colcon_core.shell:Creating environment hook '/Projects/ros2_workspace/ros2_starting-project/install/robot_description/share/robot_description/hook/cmake_prefix_path.sh'
[1.226s] Level 1:colcon.colcon_core.environment:checking '/Projects/ros2_workspace/ros2_starting-project/install/robot_description/bin'
[1.226s] Level 1:colcon.colcon_core.environment:checking '/Projects/ros2_workspace/ros2_starting-project/install/robot_description/lib/pkgconfig/robot_description.pc'
[1.226s] Level 1:colcon.colcon_core.environment:checking '/Projects/ros2_workspace/ros2_starting-project/install/robot_description/lib/python3.12/site-packages'
[1.226s] Level 1:colcon.colcon_core.environment:checking '/Projects/ros2_workspace/ros2_starting-project/install/robot_description/bin'
[1.227s] INFO:colcon.colcon_core.shell:Creating package script '/Projects/ros2_workspace/ros2_starting-project/install/robot_description/share/robot_description/package.ps1'
[1.227s] INFO:colcon.colcon_core.shell:Creating package descriptor '/Projects/ros2_workspace/ros2_starting-project/install/robot_description/share/robot_description/package.dsv'
[1.228s] INFO:colcon.colcon_core.shell:Creating package script '/Projects/ros2_workspace/ros2_starting-project/install/robot_description/share/robot_description/package.sh'
[1.228s] INFO:colcon.colcon_core.shell:Creating package script '/Projects/ros2_workspace/ros2_starting-project/install/robot_description/share/robot_description/package.bash'
[1.229s] INFO:colcon.colcon_core.shell:Creating package script '/Projects/ros2_workspace/ros2_starting-project/install/robot_description/share/robot_description/package.zsh'
[1.229s] Level 1:colcon.colcon_core.environment:create_file_with_runtime_dependencies(/Projects/ros2_workspace/ros2_starting-project/install/robot_description/share/colcon-core/packages/robot_description)
[1.862s] DEBUG:colcon.colcon_core.event_handler.log_command:Invoking command in '/Projects/ros2_workspace/ros2_starting-project/src/ros2_ex_python': PYTHONPATH=/Projects/ros2_workspace/ros2_starting-project/build/ros2_ex_python/prefix_override:/usr/lib/python3/dist-packages/colcon_core/task/python/colcon_distutils_commands:/Projects/ros2_workspace/ros2_starting-project/install/ros2_ex_python/lib/python3.12/site-packages:${PYTHONPATH} /usr/bin/python3 -W ignore:setup.py install is deprecated -W ignore:easy_install command is deprecated setup.py egg_info --egg-base ../../build/ros2_ex_python build --build-base /Projects/ros2_workspace/ros2_starting-project/build/ros2_ex_python/build install --record /Projects/ros2_workspace/ros2_starting-project/build/ros2_ex_python/install.log --single-version-externally-managed install_data
[2.426s] Level 1:colcon.colcon_core.environment:checking '/Projects/ros2_workspace/ros2_starting-project/install/ros2_ex_python' for CMake module files
[2.427s] DEBUG:colcon.colcon_core.event_handler.log_command:Invoked command in '/Projects/ros2_workspace/ros2_starting-project/src/ros2_ex_python' returned '0': PYTHONPATH=/Projects/ros2_workspace/ros2_starting-project/build/ros2_ex_python/prefix_override:/usr/lib/python3/dist-packages/colcon_core/task/python/colcon_distutils_commands:/Projects/ros2_workspace/ros2_starting-project/install/ros2_ex_python/lib/python3.12/site-packages:${PYTHONPATH} /usr/bin/python3 -W ignore:setup.py install is deprecated -W ignore:easy_install command is deprecated setup.py egg_info --egg-base ../../build/ros2_ex_python build --build-base /Projects/ros2_workspace/ros2_starting-project/build/ros2_ex_python/build install --record /Projects/ros2_workspace/ros2_starting-project/build/ros2_ex_python/install.log --single-version-externally-managed install_data
[2.427s] Level 1:colcon.colcon_core.environment:checking '/Projects/ros2_workspace/ros2_starting-project/install/ros2_ex_python' for CMake config files
[2.428s] Level 1:colcon.colcon_core.environment:checking '/Projects/ros2_workspace/ros2_starting-project/install/ros2_ex_python/lib'
[2.428s] Level 1:colcon.colcon_core.environment:checking '/Projects/ros2_workspace/ros2_starting-project/install/ros2_ex_python/bin'
[2.428s] Level 1:colcon.colcon_core.environment:checking '/Projects/ros2_workspace/ros2_starting-project/install/ros2_ex_python/lib/pkgconfig/ros2_ex_python.pc'
[2.429s] Level 1:colcon.colcon_core.environment:checking '/Projects/ros2_workspace/ros2_starting-project/install/ros2_ex_python/lib/python3.12/site-packages'
[2.429s] Level 1:colcon.colcon_core.shell:create_environment_hook('ros2_ex_python', 'pythonpath')
[2.429s] INFO:colcon.colcon_core.shell:Creating environment hook '/Projects/ros2_workspace/ros2_starting-project/install/ros2_ex_python/share/ros2_ex_python/hook/pythonpath.ps1'
[2.429s] INFO:colcon.colcon_core.shell:Creating environment descriptor '/Projects/ros2_workspace/ros2_starting-project/install/ros2_ex_python/share/ros2_ex_python/hook/pythonpath.dsv'
[2.430s] INFO:colcon.colcon_core.shell:Creating environment hook '/Projects/ros2_workspace/ros2_starting-project/install/ros2_ex_python/share/ros2_ex_python/hook/pythonpath.sh'
[2.430s] Level 1:colcon.colcon_core.environment:checking '/Projects/ros2_workspace/ros2_starting-project/install/ros2_ex_python/bin'
[2.430s] Level 1:colcon.colcon_core.environment:create_environment_scripts_only(ros2_ex_python)
[2.431s] INFO:colcon.colcon_core.shell:Creating package script '/Projects/ros2_workspace/ros2_starting-project/install/ros2_ex_python/share/ros2_ex_python/package.ps1'
[2.431s] INFO:colcon.colcon_core.shell:Creating package descriptor '/Projects/ros2_workspace/ros2_starting-project/install/ros2_ex_python/share/ros2_ex_python/package.dsv'
[2.432s] INFO:colcon.colcon_core.shell:Creating package script '/Projects/ros2_workspace/ros2_starting-project/install/ros2_ex_python/share/ros2_ex_python/package.sh'
[2.432s] INFO:colcon.colcon_core.shell:Creating package script '/Projects/ros2_workspace/ros2_starting-project/install/ros2_ex_python/share/ros2_ex_python/package.bash'
[2.432s] INFO:colcon.colcon_core.shell:Creating package script '/Projects/ros2_workspace/ros2_starting-project/install/ros2_ex_python/share/ros2_ex_python/package.zsh'
[2.433s] Level 1:colcon.colcon_core.environment:create_file_with_runtime_dependencies(/Projects/ros2_workspace/ros2_starting-project/install/ros2_ex_python/share/colcon-core/packages/ros2_ex_python)
[2.433s] DEBUG:colcon.colcon_parallel_executor.executor.parallel:closing loop
[2.433s] DEBUG:colcon.colcon_parallel_executor.executor.parallel:loop closed
[2.433s] DEBUG:colcon.colcon_parallel_executor.executor.parallel:run_until_complete finished with '0'
[2.433s] DEBUG:colcon.colcon_core.event_reactor:joining thread
[2.453s] INFO:colcon.colcon_core.plugin_system:Skipping extension 'colcon_notification.desktop_notification.notify_send': Could not find 'notify-send'
[2.453s] INFO:colcon.colcon_core.plugin_system:Skipping extension 'colcon_notification.desktop_notification.terminal_notifier': Not used on non-Darwin systems
[2.453s] INFO:colcon.colcon_core.plugin_system:Skipping extension 'colcon_notification.desktop_notification.win32': Not used on non-Windows systems
[2.454s] INFO:colcon.colcon_notification.desktop_notification:Sending desktop notification using 'notify2'
[2.468s] DEBUG:colcon.colcon_notification.desktop_notification.notify2:Failed to initialize notify2: org.freedesktop.DBus.Error.Spawn.ExecFailed: /usr/bin/dbus-launch terminated abnormally with the following error: Authorization required, but no authorization protocol specified

Autolaunch error: X11 initialization failed.

[2.469s] DEBUG:colcon.colcon_core.event_reactor:joined thread
[2.469s] INFO:colcon.colcon_core.shell:Creating prefix script '/Projects/ros2_workspace/ros2_starting-project/install/local_setup.ps1'
[2.471s] INFO:colcon.colcon_core.shell:Creating prefix util module '/Projects/ros2_workspace/ros2_starting-project/install/_local_setup_util_ps1.py'
[2.473s] INFO:colcon.colcon_core.shell:Creating prefix chain script '/Projects/ros2_workspace/ros2_starting-project/install/setup.ps1'
[2.475s] INFO:colcon.colcon_core.shell:Creating prefix script '/Projects/ros2_workspace/ros2_starting-project/install/local_setup.sh'
[2.476s] INFO:colcon.colcon_core.shell:Creating prefix util module '/Projects/ros2_workspace/ros2_starting-project/install/_local_setup_util_sh.py'
[2.477s] INFO:colcon.colcon_core.shell:Creating prefix chain script '/Projects/ros2_workspace/ros2_starting-project/install/setup.sh'
[2.478s] INFO:colcon.colcon_core.shell:Creating prefix script '/Projects/ros2_workspace/ros2_starting-project/install/local_setup.bash'
[2.479s] INFO:colcon.colcon_core.shell:Creating prefix chain script '/Projects/ros2_workspace/ros2_starting-project/install/setup.bash'
[2.480s] INFO:colcon.colcon_core.shell:Creating prefix script '/Projects/ros2_workspace/ros2_starting-project/install/local_setup.zsh'
[2.481s] INFO:colcon.colcon_core.shell:Creating prefix chain script '/Projects/ros2_workspace/ros2_starting-project/install/setup.zsh'
